
[2013-05-16 12:35:02] Beginning TopHat run (v2.0.8b)
-----------------------------------------------
[2013-05-16 12:35:02] Checking for Bowtie
		  Bowtie version:	 2.1.0.0
[2013-05-16 12:35:02] Checking for Samtools
		Samtools version:	 0.1.18.0
[2013-05-16 12:35:02] Checking for Bowtie index files
[2013-05-16 12:35:02] Checking for reference FASTA file
[2013-05-16 12:35:02] Generating SAM header for /home/hpages/bowtie2-2.1.0/indexes/hg19
	format:		 fastq
	quality scale:	 solexa33 (reads generated with GA pipeline version < 1.3)
[2013-05-16 12:35:19] Preparing reads
	 left reads: min. length=72, max. length=72, 31857970 kept reads (18211 discarded)
	right reads: min. length=72, max. length=72, 31826981 kept reads (49200 discarded)
[2013-05-16 12:48:49] Mapping left_kept_reads to genome hg19 with Bowtie2 
[2013-05-16 13:32:12] Mapping left_kept_reads_seg1 to genome hg19 with Bowtie2 (1/3)
[2013-05-16 13:41:33] Mapping left_kept_reads_seg2 to genome hg19 with Bowtie2 (2/3)
[2013-05-16 13:50:59] Mapping left_kept_reads_seg3 to genome hg19 with Bowtie2 (3/3)
[2013-05-16 14:00:08] Mapping right_kept_reads to genome hg19 with Bowtie2 
[2013-05-16 14:42:56] Mapping right_kept_reads_seg1 to genome hg19 with Bowtie2 (1/3)
[2013-05-16 14:52:48] Mapping right_kept_reads_seg2 to genome hg19 with Bowtie2 (2/3)
[2013-05-16 15:02:01] Mapping right_kept_reads_seg3 to genome hg19 with Bowtie2 (3/3)
[2013-05-16 15:11:52] Searching for junctions via segment mapping
[2013-05-17 01:41:51] Retrieving sequences for splices
[2013-05-17 01:43:54] Indexing splices
[2013-05-17 01:54:18] Mapping left_kept_reads_seg1 to genome segment_juncs with Bowtie2 (1/3)
[2013-05-17 02:02:37] Mapping left_kept_reads_seg2 to genome segment_juncs with Bowtie2 (2/3)
[2013-05-17 02:11:17] Mapping left_kept_reads_seg3 to genome segment_juncs with Bowtie2 (3/3)
[2013-05-17 02:19:49] Joining segment hits
[2013-05-17 02:26:18] Mapping right_kept_reads_seg1 to genome segment_juncs with Bowtie2 (1/3)
[2013-05-17 02:34:38] Mapping right_kept_reads_seg2 to genome segment_juncs with Bowtie2 (2/3)
[2013-05-17 02:43:43] Mapping right_kept_reads_seg3 to genome segment_juncs with Bowtie2 (3/3)
[2013-05-17 02:52:45] Joining segment hits
[2013-05-17 02:59:45] Reporting output tracks
-----------------------------------------------
[2013-05-17 03:43:26] Run complete: 15:08:23 elapsed
