segment_juncs v2.0.8b (4050M)
---------------------------
[samopen] SAM header is present: 93 sequences.
Loading reference sequences...
	Loading chr1...done
	Loading chr2...done
	Loading chr3...done
	Loading chr4...done
	Loading chr5...done
	Loading chr6...done
	Loading chr7...done
	Loading chr8...done
	Loading chr9...done
	Loading chr10...done
	Loading chr11...done
	Loading chr12...done
	Loading chr13...done
	Loading chr14...done
	Loading chr15...done
	Loading chr16...done
	Loading chr17...done
	Loading chr18...done
	Loading chr19...done
	Loading chr20...done
	Loading chr21...done
	Loading chr22...done
	Loading chrX...done
	Loading chrY...done
	Loading chrM...done
	Loading chr1_gl000191_random...done
	Loading chr1_gl000192_random...done
	Loading chr4_ctg9_hap1...done
	Loading chr4_gl000193_random...done
	Loading chr4_gl000194_random...done
	Loading chr6_apd_hap1...done
	Loading chr6_cox_hap2...done
	Loading chr6_dbb_hap3...done
	Loading chr6_mann_hap4...done
	Loading chr6_mcf_hap5...done
	Loading chr6_qbl_hap6...done
	Loading chr6_ssto_hap7...done
	Loading chr7_gl000195_random...done
	Loading chr8_gl000196_random...done
	Loading chr8_gl000197_random...done
	Loading chr9_gl000198_random...done
	Loading chr9_gl000199_random...done
	Loading chr9_gl000200_random...done
	Loading chr9_gl000201_random...done
	Loading chr11_gl000202_random...done
	Loading chr17_ctg5_hap1...done
	Loading chr17_gl000203_random...done
	Loading chr17_gl000204_random...done
	Loading chr17_gl000205_random...done
	Loading chr17_gl000206_random...done
	Loading chr18_gl000207_random...done
	Loading chr19_gl000208_random...done
	Loading chr19_gl000209_random...done
	Loading chr21_gl000210_random...done
	Loading chrUn_gl000211...done
	Loading chrUn_gl000212...done
	Loading chrUn_gl000213...done
	Loading chrUn_gl000214...done
	Loading chrUn_gl000215...done
	Loading chrUn_gl000216...done
	Loading chrUn_gl000217...done
	Loading chrUn_gl000218...done
	Loading chrUn_gl000219...done
	Loading chrUn_gl000220...done
	Loading chrUn_gl000221...done
	Loading chrUn_gl000222...done
	Loading chrUn_gl000223...done
	Loading chrUn_gl000224...done
	Loading chrUn_gl000225...done
	Loading chrUn_gl000226...done
	Loading chrUn_gl000227...done
	Loading chrUn_gl000228...done
	Loading chrUn_gl000229...done
	Loading chrUn_gl000230...done
	Loading chrUn_gl000231...done
	Loading chrUn_gl000232...done
	Loading chrUn_gl000233...done
	Loading chrUn_gl000234...done
	Loading chrUn_gl000235...done
	Loading chrUn_gl000236...done
	Loading chrUn_gl000237...done
	Loading chrUn_gl000238...done
	Loading chrUn_gl000239...done
	Loading chrUn_gl000240...done
	Loading chrUn_gl000241...done
	Loading chrUn_gl000242...done
	Loading chrUn_gl000243...done
	Loading chrUn_gl000244...done
	Loading chrUn_gl000245...done
	Loading chrUn_gl000246...done
	Loading chrUn_gl000247...done
	Loading chrUn_gl000248...done
	Loading chrUn_gl000249...done
	Loading ...done
>> Performing segment-search:
Loading left segment hits...
done.
Loading right segment hits...
done.
	found 337179 potential split-segment junctions
	found 8331 potential small deletions
	found 10723 potential small insertions
>> Performing coverage-search:
 Map covers 322464505 bases
 Map covers 312559663 bases in sufficiently long segments
 Map contains 9836697 good islands
 479628873 are left looking bases
 479616211 are right looking bases
Collecting potential splice sites in islands
reporting synthetic splice junctions...
Examining donor-acceptor pairings in chr1
Examining donor-acceptor pairings in chr10
Examining donor-acceptor pairings in chr11
Examining donor-acceptor pairings in chr11_gl000202_random
Examining donor-acceptor pairings in chr12
Examining donor-acceptor pairings in chr13
Examining donor-acceptor pairings in chr14
Examining donor-acceptor pairings in chr15
Examining donor-acceptor pairings in chr16
Examining donor-acceptor pairings in chr17
Examining donor-acceptor pairings in chr17_ctg5_hap1
Examining donor-acceptor pairings in chr17_gl000203_random
Examining donor-acceptor pairings in chr17_gl000204_random
Examining donor-acceptor pairings in chr17_gl000205_random
Examining donor-acceptor pairings in chr17_gl000206_random
Examining donor-acceptor pairings in chr18
Examining donor-acceptor pairings in chr18_gl000207_random
Examining donor-acceptor pairings in chr19
Examining donor-acceptor pairings in chr19_gl000208_random
Examining donor-acceptor pairings in chr19_gl000209_random
Examining donor-acceptor pairings in chr1_gl000191_random
Examining donor-acceptor pairings in chr1_gl000192_random
Examining donor-acceptor pairings in chr2
Examining donor-acceptor pairings in chr20
Examining donor-acceptor pairings in chr21
Examining donor-acceptor pairings in chr21_gl000210_random
Examining donor-acceptor pairings in chr22
Examining donor-acceptor pairings in chr3
Examining donor-acceptor pairings in chr4
Examining donor-acceptor pairings in chr4_ctg9_hap1
Examining donor-acceptor pairings in chr4_gl000193_random
Examining donor-acceptor pairings in chr4_gl000194_random
Examining donor-acceptor pairings in chr5
Examining donor-acceptor pairings in chr6
Examining donor-acceptor pairings in chr6_apd_hap1
Examining donor-acceptor pairings in chr6_cox_hap2
Examining donor-acceptor pairings in chr6_dbb_hap3
Examining donor-acceptor pairings in chr6_mann_hap4
Examining donor-acceptor pairings in chr6_mcf_hap5
Examining donor-acceptor pairings in chr6_qbl_hap6
Examining donor-acceptor pairings in chr6_ssto_hap7
Examining donor-acceptor pairings in chr7
Examining donor-acceptor pairings in chr7_gl000195_random
Examining donor-acceptor pairings in chr8
Examining donor-acceptor pairings in chr8_gl000196_random
Examining donor-acceptor pairings in chr8_gl000197_random
Examining donor-acceptor pairings in chr9
Examining donor-acceptor pairings in chr9_gl000198_random
Examining donor-acceptor pairings in chr9_gl000199_random
Examining donor-acceptor pairings in chr9_gl000200_random
Examining donor-acceptor pairings in chr9_gl000201_random
Examining donor-acceptor pairings in chrM
Examining donor-acceptor pairings in chrUn_gl000211
Examining donor-acceptor pairings in chrUn_gl000212
Examining donor-acceptor pairings in chrUn_gl000213
Examining donor-acceptor pairings in chrUn_gl000214
Examining donor-acceptor pairings in chrUn_gl000215
Examining donor-acceptor pairings in chrUn_gl000216
Examining donor-acceptor pairings in chrUn_gl000217
Examining donor-acceptor pairings in chrUn_gl000218
Examining donor-acceptor pairings in chrUn_gl000219
Examining donor-acceptor pairings in chrUn_gl000220
Examining donor-acceptor pairings in chrUn_gl000221
Examining donor-acceptor pairings in chrUn_gl000222
Examining donor-acceptor pairings in chrUn_gl000223
Examining donor-acceptor pairings in chrUn_gl000224
Examining donor-acceptor pairings in chrUn_gl000225
Examining donor-acceptor pairings in chrUn_gl000226
Examining donor-acceptor pairings in chrUn_gl000227
Examining donor-acceptor pairings in chrUn_gl000228
Examining donor-acceptor pairings in chrUn_gl000229
Examining donor-acceptor pairings in chrUn_gl000230
Examining donor-acceptor pairings in chrUn_gl000231
Examining donor-acceptor pairings in chrUn_gl000232
Examining donor-acceptor pairings in chrUn_gl000233
Examining donor-acceptor pairings in chrUn_gl000234
Examining donor-acceptor pairings in chrUn_gl000235
Examining donor-acceptor pairings in chrUn_gl000236
Examining donor-acceptor pairings in chrUn_gl000237
Examining donor-acceptor pairings in chrUn_gl000238
Examining donor-acceptor pairings in chrUn_gl000239
Examining donor-acceptor pairings in chrUn_gl000240
Examining donor-acceptor pairings in chrUn_gl000241
Examining donor-acceptor pairings in chrUn_gl000242
Examining donor-acceptor pairings in chrUn_gl000243
Examining donor-acceptor pairings in chrUn_gl000244
Examining donor-acceptor pairings in chrUn_gl000245
Examining donor-acceptor pairings in chrUn_gl000246
Examining donor-acceptor pairings in chrUn_gl000247
Examining donor-acceptor pairings in chrUn_gl000248
Examining donor-acceptor pairings in chrUn_gl000249
Examining donor-acceptor pairings in chrX
Examining donor-acceptor pairings in chrY
	found 5000000 potential junctions
>> Performing microexon-search: 
Aligning 2875126 microexon segments in 613759 windows
	window 100
	window 200
	window 300
	window 400
	window 500
	window 600
	window 700
	window 800
	window 900
	window 1000
	window 1100
	window 1200
	window 1300
	window 1400
	window 1500
	window 1600
	window 1700
	window 1800
	window 1900
	window 2000
	window 2100
	window 2200
	window 2300
	window 2400
	window 2500
	window 2600
	window 2700
	window 2800
	window 2900
	window 3000
	window 3100
	window 3200
	window 3300
	window 3400
	window 3500
	window 3600
	window 3700
	window 3800
	window 3900
	window 4000
	window 4100
	window 4200
	window 4300
	window 4400
	window 4500
	window 4600
	window 4700
	window 4800
	window 4900
	window 5000
	window 5100
	window 5200
	window 5300
	window 5400
	window 5500
	window 5600
	window 5700
	window 5800
	window 5900
	window 6000
	window 6100
	window 6200
	window 6300
	window 6400
	window 6500
	window 6600
	window 6700
	window 6800
	window 6900
	window 7000
	window 7100
	window 7200
	window 7300
	window 7400
	window 7500
	window 7600
	window 7700
	window 7800
	window 7900
	window 8000
	window 8100
	window 8200
	window 8300
	window 8400
	window 8500
	window 8600
	window 8700
	window 8800
	window 8900
	window 9000
	window 9100
	window 9200
	window 9300
	window 9400
	window 9500
	window 9600
	window 9700
	window 9800
	window 9900
	window 10000
	window 10100
	window 10200
	window 10300
	window 10400
	window 10500
	window 10600
	window 10700
	window 10800
	window 10900
	window 11000
	window 11100
	window 11200
	window 11300
	window 11400
	window 11500
	window 11600
	window 11700
	window 11800
	window 11900
	window 12000
	window 12100
	window 12200
	window 12300
	window 12400
	window 12500
	window 12600
	window 12700
	window 12800
	window 12900
	window 13000
	window 13100
	window 13200
	window 13300
	window 13400
	window 13500
	window 13600
	window 13700
	window 13800
	window 13900
	window 14000
	window 14100
	window 14200
	window 14300
	window 14400
	window 14500
	window 14600
	window 14700
	window 14800
	window 14900
	window 15000
	window 15100
	window 15200
	window 15300
	window 15400
	window 15500
	window 15600
	window 15700
	window 15800
	window 15900
	window 16000
	window 16100
	window 16200
	window 16300
	window 16400
	window 16500
	window 16600
	window 16700
	window 16800
	window 16900
	window 17000
	window 17100
	window 17200
	window 17300
	window 17400
	window 17500
	window 17600
	window 17700
	window 17800
	window 17900
	window 18000
	window 18100
	window 18200
	window 18300
	window 18400
	window 18500
	window 18600
	window 18700
	window 18800
	window 18900
	window 19000
	window 19100
	window 19200
	window 19300
	window 19400
	window 19500
	window 19600
	window 19700
	window 19800
	window 19900
	window 20000
	window 20100
	window 20200
	window 20300
	window 20400
	window 20500
	window 20600
	window 20700
	window 20800
	window 20900
	window 21000
	window 21100
	window 21200
	window 21300
	window 21400
	window 21500
	window 21600
	window 21700
	window 21800
	window 21900
	window 22000
	window 22100
	window 22200
	window 22300
	window 22400
	window 22500
	window 22600
	window 22700
	window 22800
	window 22900
	window 23000
	window 23100
	window 23200
	window 23300
	window 23400
	window 23500
	window 23600
	window 23700
	window 23800
	window 23900
	window 24000
	window 24100
	window 24200
	window 24300
	window 24400
	window 24500
	window 24600
	window 24700
	window 24800
	window 24900
	window 25000
	window 25100
	window 25200
	window 25300
	window 25400
	window 25500
	window 25600
	window 25700
	window 25800
	window 25900
	window 26000
	window 26100
	window 26200
	window 26300
	window 26400
	window 26500
	window 26600
	window 26700
	window 26800
	window 26900
	window 27000
	window 27100
	window 27200
	window 27300
	window 27400
	window 27500
	window 27600
	window 27700
	window 27800
	window 27900
	window 28000
	window 28100
	window 28200
	window 28300
	window 28400
	window 28500
	window 28600
	window 28700
	window 28800
	window 28900
	window 29000
	window 29100
	window 29200
	window 29300
	window 29400
	window 29500
	window 29600
	window 29700
	window 29800
	window 29900
	window 30000
	window 30100
	window 30200
	window 30300
	window 30400
	window 30500
	window 30600
	window 30700
	window 30800
	window 30900
	window 31000
	window 31100
	window 31200
	window 31300
	window 31400
	window 31500
	window 31600
	window 31700
	window 31800
	window 31900
	window 32000
	window 32100
	window 32200
	window 32300
	window 32400
	window 32500
	window 32600
	window 32700
	window 32800
	window 32900
	window 33000
	window 33100
	window 33200
	window 33300
	window 33400
	window 33500
	window 33600
	window 33700
	window 33800
	window 33900
	window 34000
	window 34100
	window 34200
	window 34300
	window 34400
	window 34500
	window 34600
	window 34700
	window 34800
	window 34900
	window 35000
	window 35100
	window 35200
	window 35300
	window 35400
	window 35500
	window 35600
	window 35700
	window 35800
	window 35900
	window 36000
	window 36100
	window 36200
	window 36300
	window 36400
	window 36500
	window 36600
	window 36700
	window 36800
	window 36900
	window 37000
	window 37100
	window 37200
	window 37300
	window 37400
	window 37500
	window 37600
	window 37700
	window 37800
	window 37900
	window 38000
	window 38100
	window 38200
	window 38300
	window 38400
	window 38500
	window 38600
	window 38700
	window 38800
	window 38900
	window 39000
	window 39100
	window 39200
	window 39300
	window 39400
	window 39500
	window 39600
	window 39700
	window 39800
	window 39900
	window 40000
	window 40100
	window 40200
	window 40300
	window 40400
	window 40500
	window 40600
	window 40700
	window 40800
	window 40900
	window 41000
	window 41100
	window 41200
	window 41300
	window 41400
	window 41500
	window 41600
	window 41700
	window 41800
	window 41900
	window 42000
	window 42100
	window 42200
	window 42300
	window 42400
	window 42500
	window 42600
	window 42700
	window 42800
	window 42900
	window 43000
	window 43100
	window 43200
	window 43300
	window 43400
	window 43500
	window 43600
	window 43700
	window 43800
	window 43900
	window 44000
	window 44100
	window 44200
	window 44300
	window 44400
	window 44500
	window 44600
	window 44700
	window 44800
	window 44900
	window 45000
	window 45100
	window 45200
	window 45300
	window 45400
	window 45500
	window 45600
	window 45700
	window 45800
	window 45900
	window 46000
	window 46100
	window 46200
	window 46300
	window 46400
	window 46500
	window 46600
	window 46700
	window 46800
	window 46900
	window 47000
	window 47100
	window 47200
	window 47300
	window 47400
	window 47500
	window 47600
	window 47700
	window 47800
	window 47900
	window 48000
	window 48100
	window 48200
	window 48300
	window 48400
	window 48500
	window 48600
	window 48700
	window 48800
	window 48900
	window 49000
	window 49100
	window 49200
	window 49300
	window 49400
	window 49500
	window 49600
	window 49700
	window 49800
	window 49900
	window 50000
	window 50100
	window 50200
	window 50300
	window 50400
	window 50500
	window 50600
	window 50700
	window 50800
	window 50900
	window 51000
	window 51100
	window 51200
	window 51300
	window 51400
	window 51500
	window 51600
	window 51700
	window 51800
	window 51900
	window 52000
	window 52100
	window 52200
	window 52300
	window 52400
	window 52500
	window 52600
	window 52700
	window 52800
	window 52900
	window 53000
	window 53100
	window 53200
	window 53300
	window 53400
	window 53500
	window 53600
	window 53700
	window 53800
	window 53900
	window 54000
	window 54100
	window 54200
	window 54300
	window 54400
	window 54500
	window 54600
	window 54700
	window 54800
	window 54900
	window 55000
	window 55100
	window 55200
	window 55300
	window 55400
	window 55500
	window 55600
	window 55700
	window 55800
	window 55900
	window 56000
	window 56100
	window 56200
	window 56300
	window 56400
	window 56500
	window 56600
	window 56700
	window 56800
	window 56900
	window 57000
	window 57100
	window 57200
	window 57300
	window 57400
	window 57500
	window 57600
	window 57700
	window 57800
	window 57900
	window 58000
	window 58100
	window 58200
	window 58300
	window 58400
	window 58500
	window 58600
	window 58700
	window 58800
	window 58900
	window 59000
	window 59100
	window 59200
	window 59300
	window 59400
	window 59500
	window 59600
	window 59700
	window 59800
	window 59900
	window 60000
	window 60100
	window 60200
	window 60300
	window 60400
	window 60500
	window 60600
	window 60700
	window 60800
	window 60900
	window 61000
	window 61100
	window 61200
	window 61300
	window 61400
	window 61500
	window 61600
	window 61700
	window 61800
	window 61900
	window 62000
	window 62100
	window 62200
	window 62300
	window 62400
	window 62500
	window 62600
	window 62700
	window 62800
	window 62900
	window 63000
	window 63100
	window 63200
	window 63300
	window 63400
	window 63500
	window 63600
	window 63700
	window 63800
	window 63900
	window 64000
	window 64100
	window 64200
	window 64300
	window 64400
	window 64500
	window 64600
	window 64700
	window 64800
	window 64900
	window 65000
	window 65100
	window 65200
	window 65300
	window 65400
	window 65500
	window 65600
	window 65700
	window 65800
	window 65900
	window 66000
	window 66100
	window 66200
	window 66300
	window 66400
	window 66500
	window 66600
	window 66700
	window 66800
	window 66900
	window 67000
	window 67100
	window 67200
	window 67300
	window 67400
	window 67500
	window 67600
	window 67700
	window 67800
	window 67900
	window 68000
	window 68100
	window 68200
	window 68300
	window 68400
	window 68500
	window 68600
	window 68700
	window 68800
	window 68900
	window 69000
	window 69100
	window 69200
	window 69300
	window 69400
	window 69500
	window 69600
	window 69700
	window 69800
	window 69900
	window 70000
	window 70100
	window 70200
	window 70300
	window 70400
	window 70500
	window 70600
	window 70700
	window 70800
	window 70900
	window 71000
	window 71100
	window 71200
	window 71300
	window 71400
	window 71500
	window 71600
	window 71700
	window 71800
	window 71900
	window 72000
	window 72100
	window 72200
	window 72300
	window 72400
	window 72500
	window 72600
	window 72700
	window 72800
	window 72900
	window 73000
	window 73100
	window 73200
	window 73300
	window 73400
	window 73500
	window 73600
	window 73700
	window 73800
	window 73900
	window 74000
	window 74100
	window 74200
	window 74300
	window 74400
	window 74500
	window 74600
	window 74700
	window 74800
	window 74900
	window 75000
	window 75100
	window 75200
	window 75300
	window 75400
	window 75500
	window 75600
	window 75700
	window 75800
	window 75900
	window 76000
	window 76100
	window 76200
	window 76300
	window 76400
	window 76500
	window 76600
	window 76700
	window 76800
	window 76900
	window 77000
	window 77100
	window 77200
	window 77300
	window 77400
	window 77500
	window 77600
	window 77700
	window 77800
	window 77900
	window 78000
	window 78100
	window 78200
	window 78300
	window 78400
	window 78500
	window 78600
	window 78700
	window 78800
	window 78900
	window 79000
	window 79100
	window 79200
	window 79300
	window 79400
	window 79500
	window 79600
	window 79700
	window 79800
	window 79900
	window 80000
	window 80100
	window 80200
	window 80300
	window 80400
	window 80500
	window 80600
	window 80700
	window 80800
	window 80900
	window 81000
	window 81100
	window 81200
	window 81300
	window 81400
	window 81500
	window 81600
	window 81700
	window 81800
	window 81900
	window 82000
	window 82100
	window 82200
	window 82300
	window 82400
	window 82500
	window 82600
	window 82700
	window 82800
	window 82900
	window 83000
	window 83100
	window 83200
	window 83300
	window 83400
	window 83500
	window 83600
	window 83700
	window 83800
	window 83900
	window 84000
	window 84100
	window 84200
	window 84300
	window 84400
	window 84500
	window 84600
	window 84700
	window 84800
	window 84900
	window 85000
	window 85100
	window 85200
	window 85300
	window 85400
	window 85500
	window 85600
	window 85700
	window 85800
	window 85900
	window 86000
	window 86100
	window 86200
	window 86300
	window 86400
	window 86500
	window 86600
	window 86700
	window 86800
	window 86900
	window 87000
	window 87100
	window 87200
	window 87300
	window 87400
	window 87500
	window 87600
	window 87700
	window 87800
	window 87900
	window 88000
	window 88100
	window 88200
	window 88300
	window 88400
	window 88500
	window 88600
	window 88700
	window 88800
	window 88900
	window 89000
	window 89100
	window 89200
	window 89300
	window 89400
	window 89500
	window 89600
	window 89700
	window 89800
	window 89900
	window 90000
	window 90100
	window 90200
	window 90300
	window 90400
	window 90500
	window 90600
	window 90700
	window 90800
	window 90900
	window 91000
	window 91100
	window 91200
	window 91300
	window 91400
	window 91500
	window 91600
	window 91700
	window 91800
	window 91900
	window 92000
	window 92100
	window 92200
	window 92300
	window 92400
	window 92500
	window 92600
	window 92700
	window 92800
	window 92900
	window 93000
	window 93100
	window 93200
	window 93300
	window 93400
	window 93500
	window 93600
	window 93700
	window 93800
	window 93900
	window 94000
	window 94100
	window 94200
	window 94300
	window 94400
	window 94500
	window 94600
	window 94700
	window 94800
	window 94900
	window 95000
	window 95100
	window 95200
	window 95300
	window 95400
	window 95500
	window 95600
	window 95700
	window 95800
	window 95900
	window 96000
	window 96100
	window 96200
	window 96300
	window 96400
	window 96500
	window 96600
	window 96700
	window 96800
	window 96900
	window 97000
	window 97100
	window 97200
	window 97300
	window 97400
	window 97500
	window 97600
	window 97700
	window 97800
	window 97900
	window 98000
	window 98100
	window 98200
	window 98300
	window 98400
	window 98500
	window 98600
	window 98700
	window 98800
	window 98900
	window 99000
	window 99100
	window 99200
	window 99300
	window 99400
	window 99500
	window 99600
	window 99700
	window 99800
	window 99900
	window 100000
	window 100100
	window 100200
	window 100300
	window 100400
	window 100500
	window 100600
	window 100700
	window 100800
	window 100900
	window 101000
	window 101100
	window 101200
	window 101300
	window 101400
	window 101500
	window 101600
	window 101700
	window 101800
	window 101900
	window 102000
	window 102100
	window 102200
	window 102300
	window 102400
	window 102500
	window 102600
	window 102700
	window 102800
	window 102900
	window 103000
	window 103100
	window 103200
	window 103300
	window 103400
	window 103500
	window 103600
	window 103700
	window 103800
	window 103900
	window 104000
	window 104100
	window 104200
	window 104300
	window 104400
	window 104500
	window 104600
	window 104700
	window 104800
	window 104900
	window 105000
	window 105100
	window 105200
	window 105300
	window 105400
	window 105500
	window 105600
	window 105700
	window 105800
	window 105900
	window 106000
	window 106100
	window 106200
	window 106300
	window 106400
	window 106500
	window 106600
	window 106700
	window 106800
	window 106900
	window 107000
	window 107100
	window 107200
	window 107300
	window 107400
	window 107500
	window 107600
	window 107700
	window 107800
	window 107900
	window 108000
	window 108100
	window 108200
	window 108300
	window 108400
	window 108500
	window 108600
	window 108700
	window 108800
	window 108900
	window 109000
	window 109100
	window 109200
	window 109300
	window 109400
	window 109500
	window 109600
	window 109700
	window 109800
	window 109900
	window 110000
	window 110100
	window 110200
	window 110300
	window 110400
	window 110500
	window 110600
	window 110700
	window 110800
	window 110900
	window 111000
	window 111100
	window 111200
	window 111300
	window 111400
	window 111500
	window 111600
	window 111700
	window 111800
	window 111900
	window 112000
	window 112100
	window 112200
	window 112300
	window 112400
	window 112500
	window 112600
	window 112700
	window 112800
	window 112900
	window 113000
	window 113100
	window 113200
	window 113300
	window 113400
	window 113500
	window 113600
	window 113700
	window 113800
	window 113900
	window 114000
	window 114100
	window 114200
	window 114300
	window 114400
	window 114500
	window 114600
	window 114700
	window 114800
	window 114900
	window 115000
	window 115100
	window 115200
	window 115300
	window 115400
	window 115500
	window 115600
	window 115700
	window 115800
	window 115900
	window 116000
	window 116100
	window 116200
	window 116300
	window 116400
	window 116500
	window 116600
	window 116700
	window 116800
	window 116900
	window 117000
	window 117100
	window 117200
	window 117300
	window 117400
	window 117500
	window 117600
	window 117700
	window 117800
	window 117900
	window 118000
	window 118100
	window 118200
	window 118300
	window 118400
	window 118500
	window 118600
	window 118700
	window 118800
	window 118900
	window 119000
	window 119100
	window 119200
	window 119300
	window 119400
	window 119500
	window 119600
	window 119700
	window 119800
	window 119900
	window 120000
	window 120100
	window 120200
	window 120300
	window 120400
	window 120500
	window 120600
	window 120700
	window 120800
	window 120900
	window 121000
	window 121100
	window 121200
	window 121300
	window 121400
	window 121500
	window 121600
	window 121700
	window 121800
	window 121900
	window 122000
	window 122100
	window 122200
	window 122300
	window 122400
	window 122500
	window 122600
	window 122700
	window 122800
	window 122900
	window 123000
	window 123100
	window 123200
	window 123300
	window 123400
	window 123500
	window 123600
	window 123700
	window 123800
	window 123900
	window 124000
	window 124100
	window 124200
	window 124300
	window 124400
	window 124500
	window 124600
	window 124700
	window 124800
	window 124900
	window 125000
	window 125100
	window 125200
	window 125300
	window 125400
	window 125500
	window 125600
	window 125700
	window 125800
	window 125900
	window 126000
	window 126100
	window 126200
	window 126300
	window 126400
	window 126500
	window 126600
	window 126700
	window 126800
	window 126900
	window 127000
	window 127100
	window 127200
	window 127300
	window 127400
	window 127500
	window 127600
	window 127700
	window 127800
	window 127900
	window 128000
	window 128100
	window 128200
	window 128300
	window 128400
	window 128500
	window 128600
	window 128700
	window 128800
	window 128900
	window 129000
	window 129100
	window 129200
	window 129300
	window 129400
	window 129500
	window 129600
	window 129700
	window 129800
	window 129900
	window 130000
	window 130100
	window 130200
	window 130300
	window 130400
	window 130500
	window 130600
	window 130700
	window 130800
	window 130900
	window 131000
	window 131100
	window 131200
	window 131300
	window 131400
	window 131500
	window 131600
	window 131700
	window 131800
	window 131900
	window 132000
	window 132100
	window 132200
	window 132300
	window 132400
	window 132500
	window 132600
	window 132700
	window 132800
	window 132900
	window 133000
	window 133100
	window 133200
	window 133300
	window 133400
	window 133500
	window 133600
	window 133700
	window 133800
	window 133900
	window 134000
	window 134100
	window 134200
	window 134300
	window 134400
	window 134500
	window 134600
	window 134700
	window 134800
	window 134900
	window 135000
	window 135100
	window 135200
	window 135300
	window 135400
	window 135500
	window 135600
	window 135700
	window 135800
	window 135900
	window 136000
	window 136100
	window 136200
	window 136300
	window 136400
	window 136500
	window 136600
	window 136700
	window 136800
	window 136900
	window 137000
	window 137100
	window 137200
	window 137300
	window 137400
	window 137500
	window 137600
	window 137700
	window 137800
	window 137900
	window 138000
	window 138100
	window 138200
	window 138300
	window 138400
	window 138500
	window 138600
	window 138700
	window 138800
	window 138900
	window 139000
	window 139100
	window 139200
	window 139300
	window 139400
	window 139500
	window 139600
	window 139700
	window 139800
	window 139900
	window 140000
	window 140100
	window 140200
	window 140300
	window 140400
	window 140500
	window 140600
	window 140700
	window 140800
	window 140900
	window 141000
	window 141100
	window 141200
	window 141300
	window 141400
	window 141500
	window 141600
	window 141700
	window 141800
	window 141900
	window 142000
	window 142100
	window 142200
	window 142300
	window 142400
	window 142500
	window 142600
	window 142700
	window 142800
	window 142900
	window 143000
	window 143100
	window 143200
	window 143300
	window 143400
	window 143500
	window 143600
	window 143700
	window 143800
	window 143900
	window 144000
	window 144100
	window 144200
	window 144300
	window 144400
	window 144500
	window 144600
	window 144700
	window 144800
	window 144900
	window 145000
	window 145100
	window 145200
	window 145300
	window 145400
	window 145500
	window 145600
	window 145700
	window 145800
	window 145900
	window 146000
	window 146100
	window 146200
	window 146300
	window 146400
	window 146500
	window 146600
	window 146700
	window 146800
	window 146900
	window 147000
	window 147100
	window 147200
	window 147300
	window 147400
	window 147500
	window 147600
	window 147700
	window 147800
	window 147900
	window 148000
	window 148100
	window 148200
	window 148300
	window 148400
	window 148500
	window 148600
	window 148700
	window 148800
	window 148900
	window 149000
	window 149100
	window 149200
	window 149300
	window 149400
	window 149500
	window 149600
	window 149700
	window 149800
	window 149900
	window 150000
	window 150100
	window 150200
	window 150300
	window 150400
	window 150500
	window 150600
	window 150700
	window 150800
	window 150900
	window 151000
	window 151100
	window 151200
	window 151300
	window 151400
	window 151500
	window 151600
	window 151700
	window 151800
	window 151900
	window 152000
	window 152100
	window 152200
	window 152300
	window 152400
	window 152500
	window 152600
	window 152700
	window 152800
	window 152900
	window 153000
	window 153100
	window 153200
	window 153300
	window 153400
	window 153500
	window 153600
	window 153700
	window 153800
	window 153900
	window 154000
	window 154100
	window 154200
	window 154300
	window 154400
	window 154500
	window 154600
	window 154700
	window 154800
	window 154900
	window 155000
	window 155100
	window 155200
	window 155300
	window 155400
	window 155500
	window 155600
	window 155700
	window 155800
	window 155900
	window 156000
	window 156100
	window 156200
	window 156300
	window 156400
	window 156500
	window 156600
	window 156700
	window 156800
	window 156900
	window 157000
	window 157100
	window 157200
	window 157300
	window 157400
	window 157500
	window 157600
	window 157700
	window 157800
	window 157900
	window 158000
	window 158100
	window 158200
	window 158300
	window 158400
	window 158500
	window 158600
	window 158700
	window 158800
	window 158900
	window 159000
	window 159100
	window 159200
	window 159300
	window 159400
	window 159500
	window 159600
	window 159700
	window 159800
	window 159900
	window 160000
	window 160100
	window 160200
	window 160300
	window 160400
	window 160500
	window 160600
	window 160700
	window 160800
	window 160900
	window 161000
	window 161100
	window 161200
	window 161300
	window 161400
	window 161500
	window 161600
	window 161700
	window 161800
	window 161900
	window 162000
	window 162100
	window 162200
	window 162300
	window 162400
	window 162500
	window 162600
	window 162700
	window 162800
	window 162900
	window 163000
	window 163100
	window 163200
	window 163300
	window 163400
	window 163500
	window 163600
	window 163700
	window 163800
	window 163900
	window 164000
	window 164100
	window 164200
	window 164300
	window 164400
	window 164500
	window 164600
	window 164700
	window 164800
	window 164900
	window 165000
	window 165100
	window 165200
	window 165300
	window 165400
	window 165500
	window 165600
	window 165700
	window 165800
	window 165900
	window 166000
	window 166100
	window 166200
	window 166300
	window 166400
	window 166500
	window 166600
	window 166700
	window 166800
	window 166900
	window 167000
	window 167100
	window 167200
	window 167300
	window 167400
	window 167500
	window 167600
	window 167700
	window 167800
	window 167900
	window 168000
	window 168100
	window 168200
	window 168300
	window 168400
	window 168500
	window 168600
	window 168700
	window 168800
	window 168900
	window 169000
	window 169100
	window 169200
	window 169300
	window 169400
	window 169500
	window 169600
	window 169700
	window 169800
	window 169900
	window 170000
	window 170100
	window 170200
	window 170300
	window 170400
	window 170500
	window 170600
	window 170700
	window 170800
	window 170900
	window 171000
	window 171100
	window 171200
	window 171300
	window 171400
	window 171500
	window 171600
	window 171700
	window 171800
	window 171900
	window 172000
	window 172100
	window 172200
	window 172300
	window 172400
	window 172500
	window 172600
	window 172700
	window 172800
	window 172900
	window 173000
	window 173100
	window 173200
	window 173300
	window 173400
	window 173500
	window 173600
	window 173700
	window 173800
	window 173900
	window 174000
	window 174100
	window 174200
	window 174300
	window 174400
	window 174500
	window 174600
	window 174700
	window 174800
	window 174900
	window 175000
	window 175100
	window 175200
	window 175300
	window 175400
	window 175500
	window 175600
	window 175700
	window 175800
	window 175900
	window 176000
	window 176100
	window 176200
	window 176300
	window 176400
	window 176500
	window 176600
	window 176700
	window 176800
	window 176900
	window 177000
	window 177100
	window 177200
	window 177300
	window 177400
	window 177500
	window 177600
	window 177700
	window 177800
	window 177900
	window 178000
	window 178100
	window 178200
	window 178300
	window 178400
	window 178500
	window 178600
	window 178700
	window 178800
	window 178900
	window 179000
	window 179100
	window 179200
	window 179300
	window 179400
	window 179500
	window 179600
	window 179700
	window 179800
	window 179900
	window 180000
	window 180100
	window 180200
	window 180300
	window 180400
	window 180500
	window 180600
	window 180700
	window 180800
	window 180900
	window 181000
	window 181100
	window 181200
	window 181300
	window 181400
	window 181500
	window 181600
	window 181700
	window 181800
	window 181900
	window 182000
	window 182100
	window 182200
	window 182300
	window 182400
	window 182500
	window 182600
	window 182700
	window 182800
	window 182900
	window 183000
	window 183100
	window 183200
	window 183300
	window 183400
	window 183500
	window 183600
	window 183700
	window 183800
	window 183900
	window 184000
	window 184100
	window 184200
	window 184300
	window 184400
	window 184500
	window 184600
	window 184700
	window 184800
	window 184900
	window 185000
	window 185100
	window 185200
	window 185300
	window 185400
	window 185500
	window 185600
	window 185700
	window 185800
	window 185900
	window 186000
	window 186100
	window 186200
	window 186300
	window 186400
	window 186500
	window 186600
	window 186700
	window 186800
	window 186900
	window 187000
	window 187100
	window 187200
	window 187300
	window 187400
	window 187500
	window 187600
	window 187700
	window 187800
	window 187900
	window 188000
	window 188100
	window 188200
	window 188300
	window 188400
	window 188500
	window 188600
	window 188700
	window 188800
	window 188900
	window 189000
	window 189100
	window 189200
	window 189300
	window 189400
	window 189500
	window 189600
	window 189700
	window 189800
	window 189900
	window 190000
	window 190100
	window 190200
	window 190300
	window 190400
	window 190500
	window 190600
	window 190700
	window 190800
	window 190900
	window 191000
	window 191100
	window 191200
	window 191300
	window 191400
	window 191500
	window 191600
	window 191700
	window 191800
	window 191900
	window 192000
	window 192100
	window 192200
	window 192300
	window 192400
	window 192500
	window 192600
	window 192700
	window 192800
	window 192900
	window 193000
	window 193100
	window 193200
	window 193300
	window 193400
	window 193500
	window 193600
	window 193700
	window 193800
	window 193900
	window 194000
	window 194100
	window 194200
	window 194300
	window 194400
	window 194500
	window 194600
	window 194700
	window 194800
	window 194900
	window 195000
	window 195100
	window 195200
	window 195300
	window 195400
	window 195500
	window 195600
	window 195700
	window 195800
	window 195900
	window 196000
	window 196100
	window 196200
	window 196300
	window 196400
	window 196500
	window 196600
	window 196700
	window 196800
	window 196900
	window 197000
	window 197100
	window 197200
	window 197300
	window 197400
	window 197500
	window 197600
	window 197700
	window 197800
	window 197900
	window 198000
	window 198100
	window 198200
	window 198300
	window 198400
	window 198500
	window 198600
	window 198700
	window 198800
	window 198900
	window 199000
	window 199100
	window 199200
	window 199300
	window 199400
	window 199500
	window 199600
	window 199700
	window 199800
	window 199900
	window 200000
	window 200100
	window 200200
	window 200300
	window 200400
	window 200500
	window 200600
	window 200700
	window 200800
	window 200900
	window 201000
	window 201100
	window 201200
	window 201300
	window 201400
	window 201500
	window 201600
	window 201700
	window 201800
	window 201900
	window 202000
	window 202100
	window 202200
	window 202300
	window 202400
	window 202500
	window 202600
	window 202700
	window 202800
	window 202900
	window 203000
	window 203100
	window 203200
	window 203300
	window 203400
	window 203500
	window 203600
	window 203700
	window 203800
	window 203900
	window 204000
	window 204100
	window 204200
	window 204300
	window 204400
	window 204500
	window 204600
	window 204700
	window 204800
	window 204900
	window 205000
	window 205100
	window 205200
	window 205300
	window 205400
	window 205500
	window 205600
	window 205700
	window 205800
	window 205900
	window 206000
	window 206100
	window 206200
	window 206300
	window 206400
	window 206500
	window 206600
	window 206700
	window 206800
	window 206900
	window 207000
	window 207100
	window 207200
	window 207300
	window 207400
	window 207500
	window 207600
	window 207700
	window 207800
	window 207900
	window 208000
	window 208100
	window 208200
	window 208300
	window 208400
	window 208500
	window 208600
	window 208700
	window 208800
	window 208900
	window 209000
	window 209100
	window 209200
	window 209300
	window 209400
	window 209500
	window 209600
	window 209700
	window 209800
	window 209900
	window 210000
	window 210100
	window 210200
	window 210300
	window 210400
	window 210500
	window 210600
	window 210700
	window 210800
	window 210900
	window 211000
	window 211100
	window 211200
	window 211300
	window 211400
	window 211500
	window 211600
	window 211700
	window 211800
	window 211900
	window 212000
	window 212100
	window 212200
	window 212300
	window 212400
	window 212500
	window 212600
	window 212700
	window 212800
	window 212900
	window 213000
	window 213100
	window 213200
	window 213300
	window 213400
	window 213500
	window 213600
	window 213700
	window 213800
	window 213900
	window 214000
	window 214100
	window 214200
	window 214300
	window 214400
	window 214500
	window 214600
	window 214700
	window 214800
	window 214900
	window 215000
	window 215100
	window 215200
	window 215300
	window 215400
	window 215500
	window 215600
	window 215700
	window 215800
	window 215900
	window 216000
	window 216100
	window 216200
	window 216300
	window 216400
	window 216500
	window 216600
	window 216700
	window 216800
	window 216900
	window 217000
	window 217100
	window 217200
	window 217300
	window 217400
	window 217500
	window 217600
	window 217700
	window 217800
	window 217900
	window 218000
	window 218100
	window 218200
	window 218300
	window 218400
	window 218500
	window 218600
	window 218700
	window 218800
	window 218900
	window 219000
	window 219100
	window 219200
	window 219300
	window 219400
	window 219500
	window 219600
	window 219700
	window 219800
	window 219900
	window 220000
	window 220100
	window 220200
	window 220300
	window 220400
	window 220500
	window 220600
	window 220700
	window 220800
	window 220900
	window 221000
	window 221100
	window 221200
	window 221300
	window 221400
	window 221500
	window 221600
	window 221700
	window 221800
	window 221900
	window 222000
	window 222100
	window 222200
	window 222300
	window 222400
	window 222500
	window 222600
	window 222700
	window 222800
	window 222900
	window 223000
	window 223100
	window 223200
	window 223300
	window 223400
	window 223500
	window 223600
	window 223700
	window 223800
	window 223900
	window 224000
	window 224100
	window 224200
	window 224300
	window 224400
	window 224500
	window 224600
	window 224700
	window 224800
	window 224900
	window 225000
	window 225100
	window 225200
	window 225300
	window 225400
	window 225500
	window 225600
	window 225700
	window 225800
	window 225900
	window 226000
	window 226100
	window 226200
	window 226300
	window 226400
	window 226500
	window 226600
	window 226700
	window 226800
	window 226900
	window 227000
	window 227100
	window 227200
	window 227300
	window 227400
	window 227500
	window 227600
	window 227700
	window 227800
	window 227900
	window 228000
	window 228100
	window 228200
	window 228300
	window 228400
	window 228500
	window 228600
	window 228700
	window 228800
	window 228900
	window 229000
	window 229100
	window 229200
	window 229300
	window 229400
	window 229500
	window 229600
	window 229700
	window 229800
	window 229900
	window 230000
	window 230100
	window 230200
	window 230300
	window 230400
	window 230500
	window 230600
	window 230700
	window 230800
	window 230900
	window 231000
	window 231100
	window 231200
	window 231300
	window 231400
	window 231500
	window 231600
	window 231700
	window 231800
	window 231900
	window 232000
	window 232100
	window 232200
	window 232300
	window 232400
	window 232500
	window 232600
	window 232700
	window 232800
	window 232900
	window 233000
	window 233100
	window 233200
	window 233300
	window 233400
	window 233500
	window 233600
	window 233700
	window 233800
	window 233900
	window 234000
	window 234100
	window 234200
	window 234300
	window 234400
	window 234500
	window 234600
	window 234700
	window 234800
	window 234900
	window 235000
	window 235100
	window 235200
	window 235300
	window 235400
	window 235500
	window 235600
	window 235700
	window 235800
	window 235900
	window 236000
	window 236100
	window 236200
	window 236300
	window 236400
	window 236500
	window 236600
	window 236700
	window 236800
	window 236900
	window 237000
	window 237100
	window 237200
	window 237300
	window 237400
	window 237500
	window 237600
	window 237700
	window 237800
	window 237900
	window 238000
	window 238100
	window 238200
	window 238300
	window 238400
	window 238500
	window 238600
	window 238700
	window 238800
	window 238900
	window 239000
	window 239100
	window 239200
	window 239300
	window 239400
	window 239500
	window 239600
	window 239700
	window 239800
	window 239900
	window 240000
	window 240100
	window 240200
	window 240300
	window 240400
	window 240500
	window 240600
	window 240700
	window 240800
	window 240900
	window 241000
	window 241100
	window 241200
	window 241300
	window 241400
	window 241500
	window 241600
	window 241700
	window 241800
	window 241900
	window 242000
	window 242100
	window 242200
	window 242300
	window 242400
	window 242500
	window 242600
	window 242700
	window 242800
	window 242900
	window 243000
	window 243100
	window 243200
	window 243300
	window 243400
	window 243500
	window 243600
	window 243700
	window 243800
	window 243900
	window 244000
	window 244100
	window 244200
	window 244300
	window 244400
	window 244500
	window 244600
	window 244700
	window 244800
	window 244900
	window 245000
	window 245100
	window 245200
	window 245300
	window 245400
	window 245500
	window 245600
	window 245700
	window 245800
	window 245900
	window 246000
	window 246100
	window 246200
	window 246300
	window 246400
	window 246500
	window 246600
	window 246700
	window 246800
	window 246900
	window 247000
	window 247100
	window 247200
	window 247300
	window 247400
	window 247500
	window 247600
	window 247700
	window 247800
	window 247900
	window 248000
	window 248100
	window 248200
	window 248300
	window 248400
	window 248500
	window 248600
	window 248700
	window 248800
	window 248900
	window 249000
	window 249100
	window 249200
	window 249300
	window 249400
	window 249500
	window 249600
	window 249700
	window 249800
	window 249900
	window 250000
	window 250100
	window 250200
	window 250300
	window 250400
	window 250500
	window 250600
	window 250700
	window 250800
	window 250900
	window 251000
	window 251100
	window 251200
	window 251300
	window 251400
	window 251500
	window 251600
	window 251700
	window 251800
	window 251900
	window 252000
	window 252100
	window 252200
	window 252300
	window 252400
	window 252500
	window 252600
	window 252700
	window 252800
	window 252900
	window 253000
	window 253100
	window 253200
	window 253300
	window 253400
	window 253500
	window 253600
	window 253700
	window 253800
	window 253900
	window 254000
	window 254100
	window 254200
	window 254300
	window 254400
	window 254500
	window 254600
	window 254700
	window 254800
	window 254900
	window 255000
	window 255100
	window 255200
	window 255300
	window 255400
	window 255500
	window 255600
	window 255700
	window 255800
	window 255900
	window 256000
	window 256100
	window 256200
	window 256300
	window 256400
	window 256500
	window 256600
	window 256700
	window 256800
	window 256900
	window 257000
	window 257100
	window 257200
	window 257300
	window 257400
	window 257500
	window 257600
	window 257700
	window 257800
	window 257900
	window 258000
	window 258100
	window 258200
	window 258300
	window 258400
	window 258500
	window 258600
	window 258700
	window 258800
	window 258900
	window 259000
	window 259100
	window 259200
	window 259300
	window 259400
	window 259500
	window 259600
	window 259700
	window 259800
	window 259900
	window 260000
	window 260100
	window 260200
	window 260300
	window 260400
	window 260500
	window 260600
	window 260700
	window 260800
	window 260900
	window 261000
	window 261100
	window 261200
	window 261300
	window 261400
	window 261500
	window 261600
	window 261700
	window 261800
	window 261900
	window 262000
	window 262100
	window 262200
	window 262300
	window 262400
	window 262500
	window 262600
	window 262700
	window 262800
	window 262900
	window 263000
	window 263100
	window 263200
	window 263300
	window 263400
	window 263500
	window 263600
	window 263700
	window 263800
	window 263900
	window 264000
	window 264100
	window 264200
	window 264300
	window 264400
	window 264500
	window 264600
	window 264700
	window 264800
	window 264900
	window 265000
	window 265100
	window 265200
	window 265300
	window 265400
	window 265500
	window 265600
	window 265700
	window 265800
	window 265900
	window 266000
	window 266100
	window 266200
	window 266300
	window 266400
	window 266500
	window 266600
	window 266700
	window 266800
	window 266900
	window 267000
	window 267100
	window 267200
	window 267300
	window 267400
	window 267500
	window 267600
	window 267700
	window 267800
	window 267900
	window 268000
	window 268100
	window 268200
	window 268300
	window 268400
	window 268500
	window 268600
	window 268700
	window 268800
	window 268900
	window 269000
	window 269100
	window 269200
	window 269300
	window 269400
	window 269500
	window 269600
	window 269700
	window 269800
	window 269900
	window 270000
	window 270100
	window 270200
	window 270300
	window 270400
	window 270500
	window 270600
	window 270700
	window 270800
	window 270900
	window 271000
	window 271100
	window 271200
	window 271300
	window 271400
	window 271500
	window 271600
	window 271700
	window 271800
	window 271900
	window 272000
	window 272100
	window 272200
	window 272300
	window 272400
	window 272500
	window 272600
	window 272700
	window 272800
	window 272900
	window 273000
	window 273100
	window 273200
	window 273300
	window 273400
	window 273500
	window 273600
	window 273700
	window 273800
	window 273900
	window 274000
	window 274100
	window 274200
	window 274300
	window 274400
	window 274500
	window 274600
	window 274700
	window 274800
	window 274900
	window 275000
	window 275100
	window 275200
	window 275300
	window 275400
	window 275500
	window 275600
	window 275700
	window 275800
	window 275900
	window 276000
	window 276100
	window 276200
	window 276300
	window 276400
	window 276500
	window 276600
	window 276700
	window 276800
	window 276900
	window 277000
	window 277100
	window 277200
	window 277300
	window 277400
	window 277500
	window 277600
	window 277700
	window 277800
	window 277900
	window 278000
	window 278100
	window 278200
	window 278300
	window 278400
	window 278500
	window 278600
	window 278700
	window 278800
	window 278900
	window 279000
	window 279100
	window 279200
	window 279300
	window 279400
	window 279500
	window 279600
	window 279700
	window 279800
	window 279900
	window 280000
	window 280100
	window 280200
	window 280300
	window 280400
	window 280500
	window 280600
	window 280700
	window 280800
	window 280900
	window 281000
	window 281100
	window 281200
	window 281300
	window 281400
	window 281500
	window 281600
	window 281700
	window 281800
	window 281900
	window 282000
	window 282100
	window 282200
	window 282300
	window 282400
	window 282500
	window 282600
	window 282700
	window 282800
	window 282900
	window 283000
	window 283100
	window 283200
	window 283300
	window 283400
	window 283500
	window 283600
	window 283700
	window 283800
	window 283900
	window 284000
	window 284100
	window 284200
	window 284300
	window 284400
	window 284500
	window 284600
	window 284700
	window 284800
	window 284900
	window 285000
	window 285100
	window 285200
	window 285300
	window 285400
	window 285500
	window 285600
	window 285700
	window 285800
	window 285900
	window 286000
	window 286100
	window 286200
	window 286300
	window 286400
	window 286500
	window 286600
	window 286700
	window 286800
	window 286900
	window 287000
	window 287100
	window 287200
	window 287300
	window 287400
	window 287500
	window 287600
	window 287700
	window 287800
	window 287900
	window 288000
	window 288100
	window 288200
	window 288300
	window 288400
	window 288500
	window 288600
	window 288700
	window 288800
	window 288900
	window 289000
	window 289100
	window 289200
	window 289300
	window 289400
	window 289500
	window 289600
	window 289700
	window 289800
	window 289900
	window 290000
	window 290100
	window 290200
	window 290300
	window 290400
	window 290500
	window 290600
	window 290700
	window 290800
	window 290900
	window 291000
	window 291100
	window 291200
	window 291300
	window 291400
	window 291500
	window 291600
	window 291700
	window 291800
	window 291900
	window 292000
	window 292100
	window 292200
	window 292300
	window 292400
	window 292500
	window 292600
	window 292700
	window 292800
	window 292900
	window 293000
	window 293100
	window 293200
	window 293300
	window 293400
	window 293500
	window 293600
	window 293700
	window 293800
	window 293900
	window 294000
	window 294100
	window 294200
	window 294300
	window 294400
	window 294500
	window 294600
	window 294700
	window 294800
	window 294900
	window 295000
	window 295100
	window 295200
	window 295300
	window 295400
	window 295500
	window 295600
	window 295700
	window 295800
	window 295900
	window 296000
	window 296100
	window 296200
	window 296300
	window 296400
	window 296500
	window 296600
	window 296700
	window 296800
	window 296900
	window 297000
	window 297100
	window 297200
	window 297300
	window 297400
	window 297500
	window 297600
	window 297700
	window 297800
	window 297900
	window 298000
	window 298100
	window 298200
	window 298300
	window 298400
	window 298500
	window 298600
	window 298700
	window 298800
	window 298900
	window 299000
	window 299100
	window 299200
	window 299300
	window 299400
	window 299500
	window 299600
	window 299700
	window 299800
	window 299900
	window 300000
	window 300100
	window 300200
	window 300300
	window 300400
	window 300500
	window 300600
	window 300700
	window 300800
	window 300900
	window 301000
	window 301100
	window 301200
	window 301300
	window 301400
	window 301500
	window 301600
	window 301700
	window 301800
	window 301900
	window 302000
	window 302100
	window 302200
	window 302300
	window 302400
	window 302500
	window 302600
	window 302700
	window 302800
	window 302900
	window 303000
	window 303100
	window 303200
	window 303300
	window 303400
	window 303500
	window 303600
	window 303700
	window 303800
	window 303900
	window 304000
	window 304100
	window 304200
	window 304300
	window 304400
	window 304500
	window 304600
	window 304700
	window 304800
	window 304900
	window 305000
	window 305100
	window 305200
	window 305300
	window 305400
	window 305500
	window 305600
	window 305700
	window 305800
	window 305900
	window 306000
	window 306100
	window 306200
	window 306300
	window 306400
	window 306500
	window 306600
	window 306700
	window 306800
	window 306900
	window 307000
	window 307100
	window 307200
	window 307300
	window 307400
	window 307500
	window 307600
	window 307700
	window 307800
	window 307900
	window 308000
	window 308100
	window 308200
	window 308300
	window 308400
	window 308500
	window 308600
	window 308700
	window 308800
	window 308900
	window 309000
	window 309100
	window 309200
	window 309300
	window 309400
	window 309500
	window 309600
	window 309700
	window 309800
	window 309900
	window 310000
	window 310100
	window 310200
	window 310300
	window 310400
	window 310500
	window 310600
	window 310700
	window 310800
	window 310900
	window 311000
	window 311100
	window 311200
	window 311300
	window 311400
	window 311500
	window 311600
	window 311700
	window 311800
	window 311900
	window 312000
	window 312100
	window 312200
	window 312300
	window 312400
	window 312500
	window 312600
	window 312700
	window 312800
	window 312900
	window 313000
	window 313100
	window 313200
	window 313300
	window 313400
	window 313500
	window 313600
	window 313700
	window 313800
	window 313900
	window 314000
	window 314100
	window 314200
	window 314300
	window 314400
	window 314500
	window 314600
	window 314700
	window 314800
	window 314900
	window 315000
	window 315100
	window 315200
	window 315300
	window 315400
	window 315500
	window 315600
	window 315700
	window 315800
	window 315900
	window 316000
	window 316100
	window 316200
	window 316300
	window 316400
	window 316500
	window 316600
	window 316700
	window 316800
	window 316900
	window 317000
	window 317100
	window 317200
	window 317300
	window 317400
	window 317500
	window 317600
	window 317700
	window 317800
	window 317900
	window 318000
	window 318100
	window 318200
	window 318300
	window 318400
	window 318500
	window 318600
	window 318700
	window 318800
	window 318900
	window 319000
	window 319100
	window 319200
	window 319300
	window 319400
	window 319500
	window 319600
	window 319700
	window 319800
	window 319900
	window 320000
	window 320100
	window 320200
	window 320300
	window 320400
	window 320500
	window 320600
	window 320700
	window 320800
	window 320900
	window 321000
	window 321100
	window 321200
	window 321300
	window 321400
	window 321500
	window 321600
	window 321700
	window 321800
	window 321900
	window 322000
	window 322100
	window 322200
	window 322300
	window 322400
	window 322500
	window 322600
	window 322700
	window 322800
	window 322900
	window 323000
	window 323100
	window 323200
	window 323300
	window 323400
	window 323500
	window 323600
	window 323700
	window 323800
	window 323900
	window 324000
	window 324100
	window 324200
	window 324300
	window 324400
	window 324500
	window 324600
	window 324700
	window 324800
	window 324900
	window 325000
	window 325100
	window 325200
	window 325300
	window 325400
	window 325500
	window 325600
	window 325700
	window 325800
	window 325900
	window 326000
	window 326100
	window 326200
	window 326300
	window 326400
	window 326500
	window 326600
	window 326700
	window 326800
	window 326900
	window 327000
	window 327100
	window 327200
	window 327300
	window 327400
	window 327500
	window 327600
	window 327700
	window 327800
	window 327900
	window 328000
	window 328100
	window 328200
	window 328300
	window 328400
	window 328500
	window 328600
	window 328700
	window 328800
	window 328900
	window 329000
	window 329100
	window 329200
	window 329300
	window 329400
	window 329500
	window 329600
	window 329700
	window 329800
	window 329900
	window 330000
	window 330100
	window 330200
	window 330300
	window 330400
	window 330500
	window 330600
	window 330700
	window 330800
	window 330900
	window 331000
	window 331100
	window 331200
	window 331300
	window 331400
	window 331500
	window 331600
	window 331700
	window 331800
	window 331900
	window 332000
	window 332100
	window 332200
	window 332300
	window 332400
	window 332500
	window 332600
	window 332700
	window 332800
	window 332900
	window 333000
	window 333100
	window 333200
	window 333300
	window 333400
	window 333500
	window 333600
	window 333700
	window 333800
	window 333900
	window 334000
	window 334100
	window 334200
	window 334300
	window 334400
	window 334500
	window 334600
	window 334700
	window 334800
	window 334900
	window 335000
	window 335100
	window 335200
	window 335300
	window 335400
	window 335500
	window 335600
	window 335700
	window 335800
	window 335900
	window 336000
	window 336100
	window 336200
	window 336300
	window 336400
	window 336500
	window 336600
	window 336700
	window 336800
	window 336900
	window 337000
	window 337100
	window 337200
	window 337300
	window 337400
	window 337500
	window 337600
	window 337700
	window 337800
	window 337900
	window 338000
	window 338100
	window 338200
	window 338300
	window 338400
	window 338500
	window 338600
	window 338700
	window 338800
	window 338900
	window 339000
	window 339100
	window 339200
	window 339300
	window 339400
	window 339500
	window 339600
	window 339700
	window 339800
	window 339900
	window 340000
	window 340100
	window 340200
	window 340300
	window 340400
	window 340500
	window 340600
	window 340700
	window 340800
	window 340900
	window 341000
	window 341100
	window 341200
	window 341300
	window 341400
	window 341500
	window 341600
	window 341700
	window 341800
	window 341900
	window 342000
	window 342100
	window 342200
	window 342300
	window 342400
	window 342500
	window 342600
	window 342700
	window 342800
	window 342900
	window 343000
	window 343100
	window 343200
	window 343300
	window 343400
	window 343500
	window 343600
	window 343700
	window 343800
	window 343900
	window 344000
	window 344100
	window 344200
	window 344300
	window 344400
	window 344500
	window 344600
	window 344700
	window 344800
	window 344900
	window 345000
	window 345100
	window 345200
	window 345300
	window 345400
	window 345500
	window 345600
	window 345700
	window 345800
	window 345900
	window 346000
	window 346100
	window 346200
	window 346300
	window 346400
	window 346500
	window 346600
	window 346700
	window 346800
	window 346900
	window 347000
	window 347100
	window 347200
	window 347300
	window 347400
	window 347500
	window 347600
	window 347700
	window 347800
	window 347900
	window 348000
	window 348100
	window 348200
	window 348300
	window 348400
	window 348500
	window 348600
	window 348700
	window 348800
	window 348900
	window 349000
	window 349100
	window 349200
	window 349300
	window 349400
	window 349500
	window 349600
	window 349700
	window 349800
	window 349900
	window 350000
	window 350100
	window 350200
	window 350300
	window 350400
	window 350500
	window 350600
	window 350700
	window 350800
	window 350900
	window 351000
	window 351100
	window 351200
	window 351300
	window 351400
	window 351500
	window 351600
	window 351700
	window 351800
	window 351900
	window 352000
	window 352100
	window 352200
	window 352300
	window 352400
	window 352500
	window 352600
	window 352700
	window 352800
	window 352900
	window 353000
	window 353100
	window 353200
	window 353300
	window 353400
	window 353500
	window 353600
	window 353700
	window 353800
	window 353900
	window 354000
	window 354100
	window 354200
	window 354300
	window 354400
	window 354500
	window 354600
	window 354700
	window 354800
	window 354900
	window 355000
	window 355100
	window 355200
	window 355300
	window 355400
	window 355500
	window 355600
	window 355700
	window 355800
	window 355900
	window 356000
	window 356100
	window 356200
	window 356300
	window 356400
	window 356500
	window 356600
	window 356700
	window 356800
	window 356900
	window 357000
	window 357100
	window 357200
	window 357300
	window 357400
	window 357500
	window 357600
	window 357700
	window 357800
	window 357900
	window 358000
	window 358100
	window 358200
	window 358300
	window 358400
	window 358500
	window 358600
	window 358700
	window 358800
	window 358900
	window 359000
	window 359100
	window 359200
	window 359300
	window 359400
	window 359500
	window 359600
	window 359700
	window 359800
	window 359900
	window 360000
	window 360100
	window 360200
	window 360300
	window 360400
	window 360500
	window 360600
	window 360700
	window 360800
	window 360900
	window 361000
	window 361100
	window 361200
	window 361300
	window 361400
	window 361500
	window 361600
	window 361700
	window 361800
	window 361900
	window 362000
	window 362100
	window 362200
	window 362300
	window 362400
	window 362500
	window 362600
	window 362700
	window 362800
	window 362900
	window 363000
	window 363100
	window 363200
	window 363300
	window 363400
	window 363500
	window 363600
	window 363700
	window 363800
	window 363900
	window 364000
	window 364100
	window 364200
	window 364300
	window 364400
	window 364500
	window 364600
	window 364700
	window 364800
	window 364900
	window 365000
	window 365100
	window 365200
	window 365300
	window 365400
	window 365500
	window 365600
	window 365700
	window 365800
	window 365900
	window 366000
	window 366100
	window 366200
	window 366300
	window 366400
	window 366500
	window 366600
	window 366700
	window 366800
	window 366900
	window 367000
	window 367100
	window 367200
	window 367300
	window 367400
	window 367500
	window 367600
	window 367700
	window 367800
	window 367900
	window 368000
	window 368100
	window 368200
	window 368300
	window 368400
	window 368500
	window 368600
	window 368700
	window 368800
	window 368900
	window 369000
	window 369100
	window 369200
	window 369300
	window 369400
	window 369500
	window 369600
	window 369700
	window 369800
	window 369900
	window 370000
	window 370100
	window 370200
	window 370300
	window 370400
	window 370500
	window 370600
	window 370700
	window 370800
	window 370900
	window 371000
	window 371100
	window 371200
	window 371300
	window 371400
	window 371500
	window 371600
	window 371700
	window 371800
	window 371900
	window 372000
	window 372100
	window 372200
	window 372300
	window 372400
	window 372500
	window 372600
	window 372700
	window 372800
	window 372900
	window 373000
	window 373100
	window 373200
	window 373300
	window 373400
	window 373500
	window 373600
	window 373700
	window 373800
	window 373900
	window 374000
	window 374100
	window 374200
	window 374300
	window 374400
	window 374500
	window 374600
	window 374700
	window 374800
	window 374900
	window 375000
	window 375100
	window 375200
	window 375300
	window 375400
	window 375500
	window 375600
	window 375700
	window 375800
	window 375900
	window 376000
	window 376100
	window 376200
	window 376300
	window 376400
	window 376500
	window 376600
	window 376700
	window 376800
	window 376900
	window 377000
	window 377100
	window 377200
	window 377300
	window 377400
	window 377500
	window 377600
	window 377700
	window 377800
	window 377900
	window 378000
	window 378100
	window 378200
	window 378300
	window 378400
	window 378500
	window 378600
	window 378700
	window 378800
	window 378900
	window 379000
	window 379100
	window 379200
	window 379300
	window 379400
	window 379500
	window 379600
	window 379700
	window 379800
	window 379900
	window 380000
	window 380100
	window 380200
	window 380300
	window 380400
	window 380500
	window 380600
	window 380700
	window 380800
	window 380900
	window 381000
	window 381100
	window 381200
	window 381300
	window 381400
	window 381500
	window 381600
	window 381700
	window 381800
	window 381900
	window 382000
	window 382100
	window 382200
	window 382300
	window 382400
	window 382500
	window 382600
	window 382700
	window 382800
	window 382900
	window 383000
	window 383100
	window 383200
	window 383300
	window 383400
	window 383500
	window 383600
	window 383700
	window 383800
	window 383900
	window 384000
	window 384100
	window 384200
	window 384300
	window 384400
	window 384500
	window 384600
	window 384700
	window 384800
	window 384900
	window 385000
	window 385100
	window 385200
	window 385300
	window 385400
	window 385500
	window 385600
	window 385700
	window 385800
	window 385900
	window 386000
	window 386100
	window 386200
	window 386300
	window 386400
	window 386500
	window 386600
	window 386700
	window 386800
	window 386900
	window 387000
	window 387100
	window 387200
	window 387300
	window 387400
	window 387500
	window 387600
	window 387700
	window 387800
	window 387900
	window 388000
	window 388100
	window 388200
	window 388300
	window 388400
	window 388500
	window 388600
	window 388700
	window 388800
	window 388900
	window 389000
	window 389100
	window 389200
	window 389300
	window 389400
	window 389500
	window 389600
	window 389700
	window 389800
	window 389900
	window 390000
	window 390100
	window 390200
	window 390300
	window 390400
	window 390500
	window 390600
	window 390700
	window 390800
	window 390900
	window 391000
	window 391100
	window 391200
	window 391300
	window 391400
	window 391500
	window 391600
	window 391700
	window 391800
	window 391900
	window 392000
	window 392100
	window 392200
	window 392300
	window 392400
	window 392500
	window 392600
	window 392700
	window 392800
	window 392900
	window 393000
	window 393100
	window 393200
	window 393300
	window 393400
	window 393500
	window 393600
	window 393700
	window 393800
	window 393900
	window 394000
	window 394100
	window 394200
	window 394300
	window 394400
	window 394500
	window 394600
	window 394700
	window 394800
	window 394900
	window 395000
	window 395100
	window 395200
	window 395300
	window 395400
	window 395500
	window 395600
	window 395700
	window 395800
	window 395900
	window 396000
	window 396100
	window 396200
	window 396300
	window 396400
	window 396500
	window 396600
	window 396700
	window 396800
	window 396900
	window 397000
	window 397100
	window 397200
	window 397300
	window 397400
	window 397500
	window 397600
	window 397700
	window 397800
	window 397900
	window 398000
	window 398100
	window 398200
	window 398300
	window 398400
	window 398500
	window 398600
	window 398700
	window 398800
	window 398900
	window 399000
	window 399100
	window 399200
	window 399300
	window 399400
	window 399500
	window 399600
	window 399700
	window 399800
	window 399900
	window 400000
	window 400100
	window 400200
	window 400300
	window 400400
	window 400500
	window 400600
	window 400700
	window 400800
	window 400900
	window 401000
	window 401100
	window 401200
	window 401300
	window 401400
	window 401500
	window 401600
	window 401700
	window 401800
	window 401900
	window 402000
	window 402100
	window 402200
	window 402300
	window 402400
	window 402500
	window 402600
	window 402700
	window 402800
	window 402900
	window 403000
	window 403100
	window 403200
	window 403300
	window 403400
	window 403500
	window 403600
	window 403700
	window 403800
	window 403900
	window 404000
	window 404100
	window 404200
	window 404300
	window 404400
	window 404500
	window 404600
	window 404700
	window 404800
	window 404900
	window 405000
	window 405100
	window 405200
	window 405300
	window 405400
	window 405500
	window 405600
	window 405700
	window 405800
	window 405900
	window 406000
	window 406100
	window 406200
	window 406300
	window 406400
	window 406500
	window 406600
	window 406700
	window 406800
	window 406900
	window 407000
	window 407100
	window 407200
	window 407300
	window 407400
	window 407500
	window 407600
	window 407700
	window 407800
	window 407900
	window 408000
	window 408100
	window 408200
	window 408300
	window 408400
	window 408500
	window 408600
	window 408700
	window 408800
	window 408900
	window 409000
	window 409100
	window 409200
	window 409300
	window 409400
	window 409500
	window 409600
	window 409700
	window 409800
	window 409900
	window 410000
	window 410100
	window 410200
	window 410300
	window 410400
	window 410500
	window 410600
	window 410700
	window 410800
	window 410900
	window 411000
	window 411100
	window 411200
	window 411300
	window 411400
	window 411500
	window 411600
	window 411700
	window 411800
	window 411900
	window 412000
	window 412100
	window 412200
	window 412300
	window 412400
	window 412500
	window 412600
	window 412700
	window 412800
	window 412900
	window 413000
	window 413100
	window 413200
	window 413300
	window 413400
	window 413500
	window 413600
	window 413700
	window 413800
	window 413900
	window 414000
	window 414100
	window 414200
	window 414300
	window 414400
	window 414500
	window 414600
	window 414700
	window 414800
	window 414900
	window 415000
	window 415100
	window 415200
	window 415300
	window 415400
	window 415500
	window 415600
	window 415700
	window 415800
	window 415900
	window 416000
	window 416100
	window 416200
	window 416300
	window 416400
	window 416500
	window 416600
	window 416700
	window 416800
	window 416900
	window 417000
	window 417100
	window 417200
	window 417300
	window 417400
	window 417500
	window 417600
	window 417700
	window 417800
	window 417900
	window 418000
	window 418100
	window 418200
	window 418300
	window 418400
	window 418500
	window 418600
	window 418700
	window 418800
	window 418900
	window 419000
	window 419100
	window 419200
	window 419300
	window 419400
	window 419500
	window 419600
	window 419700
	window 419800
	window 419900
	window 420000
	window 420100
	window 420200
	window 420300
	window 420400
	window 420500
	window 420600
	window 420700
	window 420800
	window 420900
	window 421000
	window 421100
	window 421200
	window 421300
	window 421400
	window 421500
	window 421600
	window 421700
	window 421800
	window 421900
	window 422000
	window 422100
	window 422200
	window 422300
	window 422400
	window 422500
	window 422600
	window 422700
	window 422800
	window 422900
	window 423000
	window 423100
	window 423200
	window 423300
	window 423400
	window 423500
	window 423600
	window 423700
	window 423800
	window 423900
	window 424000
	window 424100
	window 424200
	window 424300
	window 424400
	window 424500
	window 424600
	window 424700
	window 424800
	window 424900
	window 425000
	window 425100
	window 425200
	window 425300
	window 425400
	window 425500
	window 425600
	window 425700
	window 425800
	window 425900
	window 426000
	window 426100
	window 426200
	window 426300
	window 426400
	window 426500
	window 426600
	window 426700
	window 426800
	window 426900
	window 427000
	window 427100
	window 427200
	window 427300
	window 427400
	window 427500
	window 427600
	window 427700
	window 427800
	window 427900
	window 428000
	window 428100
	window 428200
	window 428300
	window 428400
	window 428500
	window 428600
	window 428700
	window 428800
	window 428900
	window 429000
	window 429100
	window 429200
	window 429300
	window 429400
	window 429500
	window 429600
	window 429700
	window 429800
	window 429900
	window 430000
	window 430100
	window 430200
	window 430300
	window 430400
	window 430500
	window 430600
	window 430700
	window 430800
	window 430900
	window 431000
	window 431100
	window 431200
	window 431300
	window 431400
	window 431500
	window 431600
	window 431700
	window 431800
	window 431900
	window 432000
	window 432100
	window 432200
	window 432300
	window 432400
	window 432500
	window 432600
	window 432700
	window 432800
	window 432900
	window 433000
	window 433100
	window 433200
	window 433300
	window 433400
	window 433500
	window 433600
	window 433700
	window 433800
	window 433900
	window 434000
	window 434100
	window 434200
	window 434300
	window 434400
	window 434500
	window 434600
	window 434700
	window 434800
	window 434900
	window 435000
	window 435100
	window 435200
	window 435300
	window 435400
	window 435500
	window 435600
	window 435700
	window 435800
	window 435900
	window 436000
	window 436100
	window 436200
	window 436300
	window 436400
	window 436500
	window 436600
	window 436700
	window 436800
	window 436900
	window 437000
	window 437100
	window 437200
	window 437300
	window 437400
	window 437500
	window 437600
	window 437700
	window 437800
	window 437900
	window 438000
	window 438100
	window 438200
	window 438300
	window 438400
	window 438500
	window 438600
	window 438700
	window 438800
	window 438900
	window 439000
	window 439100
	window 439200
	window 439300
	window 439400
	window 439500
	window 439600
	window 439700
	window 439800
	window 439900
	window 440000
	window 440100
	window 440200
	window 440300
	window 440400
	window 440500
	window 440600
	window 440700
	window 440800
	window 440900
	window 441000
	window 441100
	window 441200
	window 441300
	window 441400
	window 441500
	window 441600
	window 441700
	window 441800
	window 441900
	window 442000
	window 442100
	window 442200
	window 442300
	window 442400
	window 442500
	window 442600
	window 442700
	window 442800
	window 442900
	window 443000
	window 443100
	window 443200
	window 443300
	window 443400
	window 443500
	window 443600
	window 443700
	window 443800
	window 443900
	window 444000
	window 444100
	window 444200
	window 444300
	window 444400
	window 444500
	window 444600
	window 444700
	window 444800
	window 444900
	window 445000
	window 445100
	window 445200
	window 445300
	window 445400
	window 445500
	window 445600
	window 445700
	window 445800
	window 445900
	window 446000
	window 446100
	window 446200
	window 446300
	window 446400
	window 446500
	window 446600
	window 446700
	window 446800
	window 446900
	window 447000
	window 447100
	window 447200
	window 447300
	window 447400
	window 447500
	window 447600
	window 447700
	window 447800
	window 447900
	window 448000
	window 448100
	window 448200
	window 448300
	window 448400
	window 448500
	window 448600
	window 448700
	window 448800
	window 448900
	window 449000
	window 449100
	window 449200
	window 449300
	window 449400
	window 449500
	window 449600
	window 449700
	window 449800
	window 449900
	window 450000
	window 450100
	window 450200
	window 450300
	window 450400
	window 450500
	window 450600
	window 450700
	window 450800
	window 450900
	window 451000
	window 451100
	window 451200
	window 451300
	window 451400
	window 451500
	window 451600
	window 451700
	window 451800
	window 451900
	window 452000
	window 452100
	window 452200
	window 452300
	window 452400
	window 452500
	window 452600
	window 452700
	window 452800
	window 452900
	window 453000
	window 453100
	window 453200
	window 453300
	window 453400
	window 453500
	window 453600
	window 453700
	window 453800
	window 453900
	window 454000
	window 454100
	window 454200
	window 454300
	window 454400
	window 454500
	window 454600
	window 454700
	window 454800
	window 454900
	window 455000
	window 455100
	window 455200
	window 455300
	window 455400
	window 455500
	window 455600
	window 455700
	window 455800
	window 455900
	window 456000
	window 456100
	window 456200
	window 456300
	window 456400
	window 456500
	window 456600
	window 456700
	window 456800
	window 456900
	window 457000
	window 457100
	window 457200
	window 457300
	window 457400
	window 457500
	window 457600
	window 457700
	window 457800
	window 457900
	window 458000
	window 458100
	window 458200
	window 458300
	window 458400
	window 458500
	window 458600
	window 458700
	window 458800
	window 458900
	window 459000
	window 459100
	window 459200
	window 459300
	window 459400
	window 459500
	window 459600
	window 459700
	window 459800
	window 459900
	window 460000
	window 460100
	window 460200
	window 460300
	window 460400
	window 460500
	window 460600
	window 460700
	window 460800
	window 460900
	window 461000
	window 461100
	window 461200
	window 461300
	window 461400
	window 461500
	window 461600
	window 461700
	window 461800
	window 461900
	window 462000
	window 462100
	window 462200
	window 462300
	window 462400
	window 462500
	window 462600
	window 462700
	window 462800
	window 462900
	window 463000
	window 463100
	window 463200
	window 463300
	window 463400
	window 463500
	window 463600
	window 463700
	window 463800
	window 463900
	window 464000
	window 464100
	window 464200
	window 464300
	window 464400
	window 464500
	window 464600
	window 464700
	window 464800
	window 464900
	window 465000
	window 465100
	window 465200
	window 465300
	window 465400
	window 465500
	window 465600
	window 465700
	window 465800
	window 465900
	window 466000
	window 466100
	window 466200
	window 466300
	window 466400
	window 466500
	window 466600
	window 466700
	window 466800
	window 466900
	window 467000
	window 467100
	window 467200
	window 467300
	window 467400
	window 467500
	window 467600
	window 467700
	window 467800
	window 467900
	window 468000
	window 468100
	window 468200
	window 468300
	window 468400
	window 468500
	window 468600
	window 468700
	window 468800
	window 468900
	window 469000
	window 469100
	window 469200
	window 469300
	window 469400
	window 469500
	window 469600
	window 469700
	window 469800
	window 469900
	window 470000
	window 470100
	window 470200
	window 470300
	window 470400
	window 470500
	window 470600
	window 470700
	window 470800
	window 470900
	window 471000
	window 471100
	window 471200
	window 471300
	window 471400
	window 471500
	window 471600
	window 471700
	window 471800
	window 471900
	window 472000
	window 472100
	window 472200
	window 472300
	window 472400
	window 472500
	window 472600
	window 472700
	window 472800
	window 472900
	window 473000
	window 473100
	window 473200
	window 473300
	window 473400
	window 473500
	window 473600
	window 473700
	window 473800
	window 473900
	window 474000
	window 474100
	window 474200
	window 474300
	window 474400
	window 474500
	window 474600
	window 474700
	window 474800
	window 474900
	window 475000
	window 475100
	window 475200
	window 475300
	window 475400
	window 475500
	window 475600
	window 475700
	window 475800
	window 475900
	window 476000
	window 476100
	window 476200
	window 476300
	window 476400
	window 476500
	window 476600
	window 476700
	window 476800
	window 476900
	window 477000
	window 477100
	window 477200
	window 477300
	window 477400
	window 477500
	window 477600
	window 477700
	window 477800
	window 477900
	window 478000
	window 478100
	window 478200
	window 478300
	window 478400
	window 478500
	window 478600
	window 478700
	window 478800
	window 478900
	window 479000
	window 479100
	window 479200
	window 479300
	window 479400
	window 479500
	window 479600
	window 479700
	window 479800
	window 479900
	window 480000
	window 480100
	window 480200
	window 480300
	window 480400
	window 480500
	window 480600
	window 480700
	window 480800
	window 480900
	window 481000
	window 481100
	window 481200
	window 481300
	window 481400
	window 481500
	window 481600
	window 481700
	window 481800
	window 481900
	window 482000
	window 482100
	window 482200
	window 482300
	window 482400
	window 482500
	window 482600
	window 482700
	window 482800
	window 482900
	window 483000
	window 483100
	window 483200
	window 483300
	window 483400
	window 483500
	window 483600
	window 483700
	window 483800
	window 483900
	window 484000
	window 484100
	window 484200
	window 484300
	window 484400
	window 484500
	window 484600
	window 484700
	window 484800
	window 484900
	window 485000
	window 485100
	window 485200
	window 485300
	window 485400
	window 485500
	window 485600
	window 485700
	window 485800
	window 485900
	window 486000
	window 486100
	window 486200
	window 486300
	window 486400
	window 486500
	window 486600
	window 486700
	window 486800
	window 486900
	window 487000
	window 487100
	window 487200
	window 487300
	window 487400
	window 487500
	window 487600
	window 487700
	window 487800
	window 487900
	window 488000
	window 488100
	window 488200
	window 488300
	window 488400
	window 488500
	window 488600
	window 488700
	window 488800
	window 488900
	window 489000
	window 489100
	window 489200
	window 489300
	window 489400
	window 489500
	window 489600
	window 489700
	window 489800
	window 489900
	window 490000
	window 490100
	window 490200
	window 490300
	window 490400
	window 490500
	window 490600
	window 490700
	window 490800
	window 490900
	window 491000
	window 491100
	window 491200
	window 491300
	window 491400
	window 491500
	window 491600
	window 491700
	window 491800
	window 491900
	window 492000
	window 492100
	window 492200
	window 492300
	window 492400
	window 492500
	window 492600
	window 492700
	window 492800
	window 492900
	window 493000
	window 493100
	window 493200
	window 493300
	window 493400
	window 493500
	window 493600
	window 493700
	window 493800
	window 493900
	window 494000
	window 494100
	window 494200
	window 494300
	window 494400
	window 494500
	window 494600
	window 494700
	window 494800
	window 494900
	window 495000
	window 495100
	window 495200
	window 495300
	window 495400
	window 495500
	window 495600
	window 495700
	window 495800
	window 495900
	window 496000
	window 496100
	window 496200
	window 496300
	window 496400
	window 496500
	window 496600
	window 496700
	window 496800
	window 496900
	window 497000
	window 497100
	window 497200
	window 497300
	window 497400
	window 497500
	window 497600
	window 497700
	window 497800
	window 497900
	window 498000
	window 498100
	window 498200
	window 498300
	window 498400
	window 498500
	window 498600
	window 498700
	window 498800
	window 498900
	window 499000
	window 499100
	window 499200
	window 499300
	window 499400
	window 499500
	window 499600
	window 499700
	window 499800
	window 499900
	window 500000
	window 500100
	window 500200
	window 500300
	window 500400
	window 500500
	window 500600
	window 500700
	window 500800
	window 500900
	window 501000
	window 501100
	window 501200
	window 501300
	window 501400
	window 501500
	window 501600
	window 501700
	window 501800
	window 501900
	window 502000
	window 502100
	window 502200
	window 502300
	window 502400
	window 502500
	window 502600
	window 502700
	window 502800
	window 502900
	window 503000
	window 503100
	window 503200
	window 503300
	window 503400
	window 503500
	window 503600
	window 503700
	window 503800
	window 503900
	window 504000
	window 504100
	window 504200
	window 504300
	window 504400
	window 504500
	window 504600
	window 504700
	window 504800
	window 504900
	window 505000
	window 505100
	window 505200
	window 505300
	window 505400
	window 505500
	window 505600
	window 505700
	window 505800
	window 505900
	window 506000
	window 506100
	window 506200
	window 506300
	window 506400
	window 506500
	window 506600
	window 506700
	window 506800
	window 506900
	window 507000
	window 507100
	window 507200
	window 507300
	window 507400
	window 507500
	window 507600
	window 507700
	window 507800
	window 507900
	window 508000
	window 508100
	window 508200
	window 508300
	window 508400
	window 508500
	window 508600
	window 508700
	window 508800
	window 508900
	window 509000
	window 509100
	window 509200
	window 509300
	window 509400
	window 509500
	window 509600
	window 509700
	window 509800
	window 509900
	window 510000
	window 510100
	window 510200
	window 510300
	window 510400
	window 510500
	window 510600
	window 510700
	window 510800
	window 510900
	window 511000
	window 511100
	window 511200
	window 511300
	window 511400
	window 511500
	window 511600
	window 511700
	window 511800
	window 511900
	window 512000
	window 512100
	window 512200
	window 512300
	window 512400
	window 512500
	window 512600
	window 512700
	window 512800
	window 512900
	window 513000
	window 513100
	window 513200
	window 513300
	window 513400
	window 513500
	window 513600
	window 513700
	window 513800
	window 513900
	window 514000
	window 514100
	window 514200
	window 514300
	window 514400
	window 514500
	window 514600
	window 514700
	window 514800
	window 514900
	window 515000
	window 515100
	window 515200
	window 515300
	window 515400
	window 515500
	window 515600
	window 515700
	window 515800
	window 515900
	window 516000
	window 516100
	window 516200
	window 516300
	window 516400
	window 516500
	window 516600
	window 516700
	window 516800
	window 516900
	window 517000
	window 517100
	window 517200
	window 517300
	window 517400
	window 517500
	window 517600
	window 517700
	window 517800
	window 517900
	window 518000
	window 518100
	window 518200
	window 518300
	window 518400
	window 518500
	window 518600
	window 518700
	window 518800
	window 518900
	window 519000
	window 519100
	window 519200
	window 519300
	window 519400
	window 519500
	window 519600
	window 519700
	window 519800
	window 519900
	window 520000
	window 520100
	window 520200
	window 520300
	window 520400
	window 520500
	window 520600
	window 520700
	window 520800
	window 520900
	window 521000
	window 521100
	window 521200
	window 521300
	window 521400
	window 521500
	window 521600
	window 521700
	window 521800
	window 521900
	window 522000
	window 522100
	window 522200
	window 522300
	window 522400
	window 522500
	window 522600
	window 522700
	window 522800
	window 522900
	window 523000
	window 523100
	window 523200
	window 523300
	window 523400
	window 523500
	window 523600
	window 523700
	window 523800
	window 523900
	window 524000
	window 524100
	window 524200
	window 524300
	window 524400
	window 524500
	window 524600
	window 524700
	window 524800
	window 524900
	window 525000
	window 525100
	window 525200
	window 525300
	window 525400
	window 525500
	window 525600
	window 525700
	window 525800
	window 525900
	window 526000
	window 526100
	window 526200
	window 526300
	window 526400
	window 526500
	window 526600
	window 526700
	window 526800
	window 526900
	window 527000
	window 527100
	window 527200
	window 527300
	window 527400
	window 527500
	window 527600
	window 527700
	window 527800
	window 527900
	window 528000
	window 528100
	window 528200
	window 528300
	window 528400
	window 528500
	window 528600
	window 528700
	window 528800
	window 528900
	window 529000
	window 529100
	window 529200
	window 529300
	window 529400
	window 529500
	window 529600
	window 529700
	window 529800
	window 529900
	window 530000
	window 530100
	window 530200
	window 530300
	window 530400
	window 530500
	window 530600
	window 530700
	window 530800
	window 530900
	window 531000
	window 531100
	window 531200
	window 531300
	window 531400
	window 531500
	window 531600
	window 531700
	window 531800
	window 531900
	window 532000
	window 532100
	window 532200
	window 532300
	window 532400
	window 532500
	window 532600
	window 532700
	window 532800
	window 532900
	window 533000
	window 533100
	window 533200
	window 533300
	window 533400
	window 533500
	window 533600
	window 533700
	window 533800
	window 533900
	window 534000
	window 534100
	window 534200
	window 534300
	window 534400
	window 534500
	window 534600
	window 534700
	window 534800
	window 534900
	window 535000
	window 535100
	window 535200
	window 535300
	window 535400
	window 535500
	window 535600
	window 535700
	window 535800
	window 535900
	window 536000
	window 536100
	window 536200
	window 536300
	window 536400
	window 536500
	window 536600
	window 536700
	window 536800
	window 536900
	window 537000
	window 537100
	window 537200
	window 537300
	window 537400
	window 537500
	window 537600
	window 537700
	window 537800
	window 537900
	window 538000
	window 538100
	window 538200
	window 538300
	window 538400
	window 538500
	window 538600
	window 538700
	window 538800
	window 538900
	window 539000
	window 539100
	window 539200
	window 539300
	window 539400
	window 539500
	window 539600
	window 539700
	window 539800
	window 539900
	window 540000
	window 540100
	window 540200
	window 540300
	window 540400
	window 540500
	window 540600
	window 540700
	window 540800
	window 540900
	window 541000
	window 541100
	window 541200
	window 541300
	window 541400
	window 541500
	window 541600
	window 541700
	window 541800
	window 541900
	window 542000
	window 542100
	window 542200
	window 542300
	window 542400
	window 542500
	window 542600
	window 542700
	window 542800
	window 542900
	window 543000
	window 543100
	window 543200
	window 543300
	window 543400
	window 543500
	window 543600
	window 543700
	window 543800
	window 543900
	window 544000
	window 544100
	window 544200
	window 544300
	window 544400
	window 544500
	window 544600
	window 544700
	window 544800
	window 544900
	window 545000
	window 545100
	window 545200
	window 545300
	window 545400
	window 545500
	window 545600
	window 545700
	window 545800
	window 545900
	window 546000
	window 546100
	window 546200
	window 546300
	window 546400
	window 546500
	window 546600
	window 546700
	window 546800
	window 546900
	window 547000
	window 547100
	window 547200
	window 547300
	window 547400
	window 547500
	window 547600
	window 547700
	window 547800
	window 547900
	window 548000
	window 548100
	window 548200
	window 548300
	window 548400
	window 548500
	window 548600
	window 548700
	window 548800
	window 548900
	window 549000
	window 549100
	window 549200
	window 549300
	window 549400
	window 549500
	window 549600
	window 549700
	window 549800
	window 549900
	window 550000
	window 550100
	window 550200
	window 550300
	window 550400
	window 550500
	window 550600
	window 550700
	window 550800
	window 550900
	window 551000
	window 551100
	window 551200
	window 551300
	window 551400
	window 551500
	window 551600
	window 551700
	window 551800
	window 551900
	window 552000
	window 552100
	window 552200
	window 552300
	window 552400
	window 552500
	window 552600
	window 552700
	window 552800
	window 552900
	window 553000
	window 553100
	window 553200
	window 553300
	window 553400
	window 553500
	window 553600
	window 553700
	window 553800
	window 553900
	window 554000
	window 554100
	window 554200
	window 554300
	window 554400
	window 554500
	window 554600
	window 554700
	window 554800
	window 554900
	window 555000
	window 555100
	window 555200
	window 555300
	window 555400
	window 555500
	window 555600
	window 555700
	window 555800
	window 555900
	window 556000
	window 556100
	window 556200
	window 556300
	window 556400
	window 556500
	window 556600
	window 556700
	window 556800
	window 556900
	window 557000
	window 557100
	window 557200
	window 557300
	window 557400
	window 557500
	window 557600
	window 557700
	window 557800
	window 557900
	window 558000
	window 558100
	window 558200
	window 558300
	window 558400
	window 558500
	window 558600
	window 558700
	window 558800
	window 558900
	window 559000
	window 559100
	window 559200
	window 559300
	window 559400
	window 559500
	window 559600
	window 559700
	window 559800
	window 559900
	window 560000
	window 560100
	window 560200
	window 560300
	window 560400
	window 560500
	window 560600
	window 560700
	window 560800
	window 560900
	window 561000
	window 561100
	window 561200
	window 561300
	window 561400
	window 561500
	window 561600
	window 561700
	window 561800
	window 561900
	window 562000
	window 562100
	window 562200
	window 562300
	window 562400
	window 562500
	window 562600
	window 562700
	window 562800
	window 562900
	window 563000
	window 563100
	window 563200
	window 563300
	window 563400
	window 563500
	window 563600
	window 563700
	window 563800
	window 563900
	window 564000
	window 564100
	window 564200
	window 564300
	window 564400
	window 564500
	window 564600
	window 564700
	window 564800
	window 564900
	window 565000
	window 565100
	window 565200
	window 565300
	window 565400
	window 565500
	window 565600
	window 565700
	window 565800
	window 565900
	window 566000
	window 566100
	window 566200
	window 566300
	window 566400
	window 566500
	window 566600
	window 566700
	window 566800
	window 566900
	window 567000
	window 567100
	window 567200
	window 567300
	window 567400
	window 567500
	window 567600
	window 567700
	window 567800
	window 567900
	window 568000
	window 568100
	window 568200
	window 568300
	window 568400
	window 568500
	window 568600
	window 568700
	window 568800
	window 568900
	window 569000
	window 569100
	window 569200
	window 569300
	window 569400
	window 569500
	window 569600
	window 569700
	window 569800
	window 569900
	window 570000
	window 570100
	window 570200
	window 570300
	window 570400
	window 570500
	window 570600
	window 570700
	window 570800
	window 570900
	window 571000
	window 571100
	window 571200
	window 571300
	window 571400
	window 571500
	window 571600
	window 571700
	window 571800
	window 571900
	window 572000
	window 572100
	window 572200
	window 572300
	window 572400
	window 572500
	window 572600
	window 572700
	window 572800
	window 572900
	window 573000
	window 573100
	window 573200
	window 573300
	window 573400
	window 573500
	window 573600
	window 573700
	window 573800
	window 573900
	window 574000
	window 574100
	window 574200
	window 574300
	window 574400
	window 574500
	window 574600
	window 574700
	window 574800
	window 574900
	window 575000
	window 575100
	window 575200
	window 575300
	window 575400
	window 575500
	window 575600
	window 575700
	window 575800
	window 575900
	window 576000
	window 576100
	window 576200
	window 576300
	window 576400
	window 576500
	window 576600
	window 576700
	window 576800
	window 576900
	window 577000
	window 577100
	window 577200
	window 577300
	window 577400
	window 577500
	window 577600
	window 577700
	window 577800
	window 577900
	window 578000
	window 578100
	window 578200
	window 578300
	window 578400
	window 578500
	window 578600
	window 578700
	window 578800
	window 578900
	window 579000
	window 579100
	window 579200
	window 579300
	window 579400
	window 579500
	window 579600
	window 579700
	window 579800
	window 579900
	window 580000
	window 580100
	window 580200
	window 580300
	window 580400
	window 580500
	window 580600
	window 580700
	window 580800
	window 580900
	window 581000
	window 581100
	window 581200
	window 581300
	window 581400
	window 581500
	window 581600
	window 581700
	window 581800
	window 581900
	window 582000
	window 582100
	window 582200
	window 582300
	window 582400
	window 582500
	window 582600
	window 582700
	window 582800
	window 582900
	window 583000
	window 583100
	window 583200
	window 583300
	window 583400
	window 583500
	window 583600
	window 583700
	window 583800
	window 583900
	window 584000
	window 584100
	window 584200
	window 584300
	window 584400
	window 584500
	window 584600
	window 584700
	window 584800
	window 584900
	window 585000
	window 585100
	window 585200
	window 585300
	window 585400
	window 585500
	window 585600
	window 585700
	window 585800
	window 585900
	window 586000
	window 586100
	window 586200
	window 586300
	window 586400
	window 586500
	window 586600
	window 586700
	window 586800
	window 586900
	window 587000
	window 587100
	window 587200
	window 587300
	window 587400
	window 587500
	window 587600
	window 587700
	window 587800
	window 587900
	window 588000
	window 588100
	window 588200
	window 588300
	window 588400
	window 588500
	window 588600
	window 588700
	window 588800
	window 588900
	window 589000
	window 589100
	window 589200
	window 589300
	window 589400
	window 589500
	window 589600
	window 589700
	window 589800
	window 589900
	window 590000
	window 590100
	window 590200
	window 590300
	window 590400
	window 590500
	window 590600
	window 590700
	window 590800
	window 590900
	window 591000
	window 591100
	window 591200
	window 591300
	window 591400
	window 591500
	window 591600
	window 591700
	window 591800
	window 591900
	window 592000
	window 592100
	window 592200
	window 592300
	window 592400
	window 592500
	window 592600
	window 592700
	window 592800
	window 592900
	window 593000
	window 593100
	window 593200
	window 593300
	window 593400
	window 593500
	window 593600
	window 593700
	window 593800
	window 593900
	window 594000
	window 594100
	window 594200
	window 594300
	window 594400
	window 594500
	window 594600
	window 594700
	window 594800
	window 594900
	window 595000
	window 595100
	window 595200
	window 595300
	window 595400
	window 595500
	window 595600
	window 595700
	window 595800
	window 595900
	window 596000
	window 596100
	window 596200
	window 596300
	window 596400
	window 596500
	window 596600
	window 596700
	window 596800
	window 596900
	window 597000
	window 597100
	window 597200
	window 597300
	window 597400
	window 597500
	window 597600
	window 597700
	window 597800
	window 597900
	window 598000
	window 598100
	window 598200
	window 598300
	window 598400
	window 598500
	window 598600
	window 598700
	window 598800
	window 598900
	window 599000
	window 599100
	window 599200
	window 599300
	window 599400
	window 599500
	window 599600
	window 599700
	window 599800
	window 599900
	window 600000
	window 600100
	window 600200
	window 600300
	window 600400
	window 600500
	window 600600
	window 600700
	window 600800
	window 600900
	window 601000
	window 601100
	window 601200
	window 601300
	window 601400
	window 601500
	window 601600
	window 601700
	window 601800
	window 601900
	window 602000
	window 602100
	window 602200
	window 602300
	window 602400
	window 602500
	window 602600
	window 602700
	window 602800
	window 602900
	window 603000
	window 603100
	window 603200
	window 603300
	window 603400
	window 603500
	window 603600
	window 603700
	window 603800
	window 603900
	window 604000
	window 604100
	window 604200
	window 604300
	window 604400
	window 604500
	window 604600
	window 604700
	window 604800
	window 604900
	window 605000
	window 605100
	window 605200
	window 605300
	window 605400
	window 605500
	window 605600
	window 605700
	window 605800
	window 605900
	window 606000
	window 606100
	window 606200
	window 606300
	window 606400
	window 606500
	window 606600
	window 606700
	window 606800
	window 606900
	window 607000
	window 607100
	window 607200
	window 607300
	window 607400
	window 607500
	window 607600
	window 607700
	window 607800
	window 607900
	window 608000
	window 608100
	window 608200
	window 608300
	window 608400
	window 608500
	window 608600
	window 608700
	window 608800
	window 608900
	window 609000
	window 609100
	window 609200
	window 609300
	window 609400
	window 609500
	window 609600
	window 609700
	window 609800
	window 609900
	window 610000
	window 610100
	window 610200
	window 610300
	window 610400
	window 610500
	window 610600
	window 610700
	window 610800
	window 610900
	window 611000
	window 611100
	window 611200
	window 611300
	window 611400
	window 611500
	window 611600
	window 611700
	window 611800
	window 611900
	window 612000
	window 612100
	window 612200
	window 612300
	window 612400
	window 612500
	window 612600
	window 612700
	window 612800
	window 612900
	window 613000
	window 613100
	window 613200
	window 613300
	window 613400
	window 613500
	window 613600
	window 613700
Checked 5750252 segments against 613759 windows for microexon junctions
Found 97891 potential microexon junctions
	found 97891 potential junctions
Reported 5381436 total potential splices
Reporting 8331 potential deletions...
Reporting 10723 potential insertions...
Reporting potential fusions...
