Settings:
  Output files: "tophat2_out/ERR127309/tmp/segment_juncs.*.bt2"
  Line rate: 6 (line is 64 bytes)
  Lines per side: 1 (side is 64 bytes)
  Offset rate: 4 (one in 16)
  FTable chars: 10
  Strings: unpacked
  Max bucket size: default
  Max bucket size, sqrt multiplier: default
  Max bucket size, len divisor: 4
  Difference-cover sample period: 1024
  Endianness: little
  Actual local endianness: little
  Sanity checking: disabled
  Assertions: disabled
  Random seed: 0
  Sizeofs: void*:8, int:4, long:8, size_t:8
Input files DNA, FASTA:
  tophat2_out/ERR127309/tmp/segment_juncs.fa
Reading reference sizes
  Time reading reference sizes: 00:00:04
Calculating joined length
Writing header
Reserving space for joined string
Joining reference sequences
  Time to join reference sequences: 00:00:06
bmax according to bmaxDivN setting: 67172756
Using parameters --bmax 50379567 --dcv 1024
  Doing ahead-of-time memory usage test
  Passed!  Constructing with these parameters: --bmax 50379567 --dcv 1024
Constructing suffix-array element generator
Building DifferenceCoverSample
  Building sPrime
  Building sPrimeOrder
  V-Sorting samples
  V-Sorting samples time: 00:00:05
  Allocating rank array
  Ranking v-sort output
  Ranking v-sort output time: 00:00:01
  Invoking Larsson-Sadakane on ranks
  Invoking Larsson-Sadakane on ranks time: 00:00:03
  Sanity-checking and returning
Building samples
Reserving space for 12 sample suffixes
Generating random suffixes
QSorting 12 sample offsets, eliminating duplicates
QSorting sample offsets, eliminating duplicates time: 00:00:00
Multikey QSorting 12 samples
  (Using difference cover)
  Multikey QSorting samples time: 00:00:00
Calculating bucket sizes
  Binary sorting into buckets
  10%
  20%
  30%
  40%
  50%
  60%
  70%
  80%
  90%
  100%
  Binary sorting into buckets time: 00:00:10
Splitting and merging
  Splitting and merging time: 00:00:00
Split 1, merged 7; iterating...
  Binary sorting into buckets
  10%
  20%
  30%
  40%
  50%
  60%
  70%
  80%
  90%
  100%
  Binary sorting into buckets time: 00:00:09
Splitting and merging
  Splitting and merging time: 00:00:00
Avg bucket size: 3.83844e+07 (target: 50379566)
Converting suffix-array elements to index image
Allocating ftab, absorbFtab
Entering Ebwt loop
Getting block 1 of 7
  Reserving size (50379567) for bucket
  Calculating Z arrays
  Calculating Z arrays time: 00:00:00
  Entering block accumulator loop:
  10%
  20%
  30%
  40%
  50%
  60%
  70%
  80%
  90%
  100%
  Block accumulator loop time: 00:00:03
  Sorting block of length 41667794
  (Using difference cover)
  Sorting block time: 00:00:16
Returning block of 41667795
Getting block 2 of 7
  Reserving size (50379567) for bucket
  Calculating Z arrays
  Calculating Z arrays time: 00:00:00
  Entering block accumulator loop:
  10%
  20%
  30%
  40%
  50%
  60%
  70%
  80%
  90%
  100%
  Block accumulator loop time: 00:00:04
  Sorting block of length 45696239
  (Using difference cover)
  Sorting block time: 00:00:19
Returning block of 45696240
Getting block 3 of 7
  Reserving size (50379567) for bucket
  Calculating Z arrays
  Calculating Z arrays time: 00:00:00
  Entering block accumulator loop:
  10%
  20%
  30%
  40%
  50%
  60%
  70%
  80%
  90%
  100%
  Block accumulator loop time: 00:00:03
  Sorting block of length 38822138
  (Using difference cover)
  Sorting block time: 00:00:16
Returning block of 38822139
Getting block 4 of 7
  Reserving size (50379567) for bucket
  Calculating Z arrays
  Calculating Z arrays time: 00:00:00
  Entering block accumulator loop:
  10%
  20%
  30%
  40%
  50%
  60%
  70%
  80%
  90%
  100%
  Block accumulator loop time: 00:00:04
  Sorting block of length 50360491
  (Using difference cover)
  Sorting block time: 00:00:21
Returning block of 50360492
Getting block 5 of 7
  Reserving size (50379567) for bucket
  Calculating Z arrays
  Calculating Z arrays time: 00:00:00
  Entering block accumulator loop:
  10%
  20%
  30%
  40%
  50%
  60%
  70%
  80%
  90%
  100%
  Block accumulator loop time: 00:00:04
  Sorting block of length 30400159
  (Using difference cover)
  Sorting block time: 00:00:13
Returning block of 30400160
Getting block 6 of 7
  Reserving size (50379567) for bucket
  Calculating Z arrays
  Calculating Z arrays time: 00:00:00
  Entering block accumulator loop:
  10%
  20%
  30%
  40%
  50%
  60%
  70%
  80%
  90%
  100%
  Block accumulator loop time: 00:00:04
  Sorting block of length 43217607
  (Using difference cover)
  Sorting block time: 00:00:18
Returning block of 43217608
Getting block 7 of 7
  Reserving size (50379567) for bucket
  Calculating Z arrays
  Calculating Z arrays time: 00:00:00
  Entering block accumulator loop:
  10%
  20%
  30%
  40%
  50%
  60%
  70%
  80%
  90%
  100%
  Block accumulator loop time: 00:00:02
  Sorting block of length 18526592
  (Using difference cover)
  Sorting block time: 00:00:08
Returning block of 18526593
Exited Ebwt loop
fchr[A]: 0
fchr[C]: 62431128
fchr[G]: 135020810
fchr[T]: 204921434
fchr[$]: 268691026
Exiting Ebwt::buildToDisk()
Returning from initFromVector
Wrote 455178223 bytes to primary EBWT file: tophat2_out/ERR127309/tmp/segment_juncs.1.bt2
Wrote 67172764 bytes to secondary EBWT file: tophat2_out/ERR127309/tmp/segment_juncs.2.bt2
Re-opening _in1 and _in2 as input streams
Returning from Ebwt constructor
Headers:
    len: 268691026
    bwtLen: 268691027
    sz: 67172757
    bwtSz: 67172757
    lineRate: 6
    offRate: 4
    offMask: 0xfffffff0
    ftabChars: 10
    eftabLen: 20
    eftabSz: 80
    ftabLen: 1048577
    ftabSz: 4194308
    offsLen: 16793190
    offsSz: 67172760
    lineSz: 64
    sideSz: 64
    sideBwtSz: 48
    sideBwtLen: 192
    numSides: 1399433
    numLines: 1399433
    ebwtTotLen: 89563712
    ebwtTotSz: 89563712
    color: 0
    reverse: 0
Total time for call to driver() for forward index: 00:03:29
Reading reference sizes
  Time reading reference sizes: 00:00:03
Calculating joined length
Writing header
Reserving space for joined string
Joining reference sequences
  Time to join reference sequences: 00:00:06
  Time to reverse reference sequence: 00:00:01
bmax according to bmaxDivN setting: 67172756
Using parameters --bmax 50379567 --dcv 1024
  Doing ahead-of-time memory usage test
  Passed!  Constructing with these parameters: --bmax 50379567 --dcv 1024
Constructing suffix-array element generator
Building DifferenceCoverSample
  Building sPrime
  Building sPrimeOrder
  V-Sorting samples
  V-Sorting samples time: 00:00:05
  Allocating rank array
  Ranking v-sort output
  Ranking v-sort output time: 00:00:02
  Invoking Larsson-Sadakane on ranks
  Invoking Larsson-Sadakane on ranks time: 00:00:02
  Sanity-checking and returning
Building samples
Reserving space for 12 sample suffixes
Generating random suffixes
QSorting 12 sample offsets, eliminating duplicates
QSorting sample offsets, eliminating duplicates time: 00:00:00
Multikey QSorting 12 samples
  (Using difference cover)
  Multikey QSorting samples time: 00:00:00
Calculating bucket sizes
  Binary sorting into buckets
  10%
  20%
  30%
  40%
  50%
  60%
  70%
  80%
  90%
  100%
  Binary sorting into buckets time: 00:00:11
Splitting and merging
  Splitting and merging time: 00:00:00
Avg bucket size: 3.83844e+07 (target: 50379566)
Converting suffix-array elements to index image
Allocating ftab, absorbFtab
Entering Ebwt loop
Getting block 1 of 7
  Reserving size (50379567) for bucket
  Calculating Z arrays
  Calculating Z arrays time: 00:00:00
  Entering block accumulator loop:
  10%
  20%
  30%
  40%
  50%
  60%
  70%
  80%
  90%
  100%
  Block accumulator loop time: 00:00:02
  Sorting block of length 48800149
  (Using difference cover)
  Sorting block time: 00:00:20
Returning block of 48800150
Getting block 2 of 7
  Reserving size (50379567) for bucket
  Calculating Z arrays
  Calculating Z arrays time: 00:00:00
  Entering block accumulator loop:
  10%
  20%
  30%
  40%
  50%
  60%
  70%
  80%
  90%
  100%
  Block accumulator loop time: 00:00:03
  Sorting block of length 32605550
  (Using difference cover)
  Sorting block time: 00:00:14
Returning block of 32605551
Getting block 3 of 7
  Reserving size (50379567) for bucket
  Calculating Z arrays
  Calculating Z arrays time: 00:00:00
  Entering block accumulator loop:
  10%
  20%
  30%
  40%
  50%
  60%
  70%
  80%
  90%
  100%
  Block accumulator loop time: 00:00:03
  Sorting block of length 36881935
  (Using difference cover)
  Sorting block time: 00:00:15
Returning block of 36881936
Getting block 4 of 7
  Reserving size (50379567) for bucket
  Calculating Z arrays
  Calculating Z arrays time: 00:00:00
  Entering block accumulator loop:
  10%
  20%
  30%
  40%
  50%
  60%
  70%
  80%
  90%
  100%
  Block accumulator loop time: 00:00:04
  Sorting block of length 43460117
  (Using difference cover)
  Sorting block time: 00:00:17
Returning block of 43460118
Getting block 5 of 7
  Reserving size (50379567) for bucket
  Calculating Z arrays
  Calculating Z arrays time: 00:00:00
  Entering block accumulator loop:
  10%
  20%
  30%
  40%
  50%
  60%
  70%
  80%
  90%
  100%
  Block accumulator loop time: 00:00:04
  Sorting block of length 45589941
  (Using difference cover)
  Sorting block time: 00:00:20
Returning block of 45589942
Getting block 6 of 7
  Reserving size (50379567) for bucket
  Calculating Z arrays
  Calculating Z arrays time: 00:00:00
  Entering block accumulator loop:
  10%
  20%
  30%
  40%
  50%
  60%
  70%
  80%
  90%
  100%
  Block accumulator loop time: 00:00:03
  Sorting block of length 37770529
  (Using difference cover)
  Sorting block time: 00:00:15
Returning block of 37770530
Getting block 7 of 7
  Reserving size (50379567) for bucket
  Calculating Z arrays
  Calculating Z arrays time: 00:00:00
  Entering block accumulator loop:
  10%
  20%
  30%
  40%
  50%
  60%
  70%
  80%
  90%
  100%
  Block accumulator loop time: 00:00:03
  Sorting block of length 23582799
  (Using difference cover)
  Sorting block time: 00:00:10
Returning block of 23582800
Exited Ebwt loop
fchr[A]: 0
fchr[C]: 62431128
fchr[G]: 135020810
fchr[T]: 204921434
fchr[$]: 268691026
Exiting Ebwt::buildToDisk()
Returning from initFromVector
Wrote 455178223 bytes to primary EBWT file: tophat2_out/ERR127309/tmp/segment_juncs.rev.1.bt2
Wrote 67172764 bytes to secondary EBWT file: tophat2_out/ERR127309/tmp/segment_juncs.rev.2.bt2
Re-opening _in1 and _in2 as input streams
Returning from Ebwt constructor
Headers:
    len: 268691026
    bwtLen: 268691027
    sz: 67172757
    bwtSz: 67172757
    lineRate: 6
    offRate: 4
    offMask: 0xfffffff0
    ftabChars: 10
    eftabLen: 20
    eftabSz: 80
    ftabLen: 1048577
    ftabSz: 4194308
    offsLen: 16793190
    offsSz: 67172760
    lineSz: 64
    sideSz: 64
    sideBwtSz: 48
    sideBwtLen: 192
    numSides: 1399433
    numLines: 1399433
    ebwtTotLen: 89563712
    ebwtTotSz: 89563712
    color: 0
    reverse: 1
Total time for backward call to driver() for mirror index: 00:03:18
