
[2013-05-16 12:36:12] Beginning TopHat run (v2.0.8b)
-----------------------------------------------
[2013-05-16 12:36:12] Checking for Bowtie
		  Bowtie version:	 2.1.0.0
[2013-05-16 12:36:12] Checking for Samtools
		Samtools version:	 0.1.18.0
[2013-05-16 12:36:12] Checking for Bowtie index files
[2013-05-16 12:36:12] Checking for reference FASTA file
[2013-05-16 12:36:12] Generating SAM header for /home/hpages/bowtie2-2.1.0/indexes/hg19
	format:		 fastq
	quality scale:	 solexa33 (reads generated with GA pipeline version < 1.3)
[2013-05-16 12:36:31] Preparing reads
	 left reads: min. length=72, max. length=72, 31149577 kept reads (19365 discarded)
	right reads: min. length=72, max. length=72, 31120483 kept reads (48459 discarded)
[2013-05-16 12:49:03] Mapping left_kept_reads to genome hg19 with Bowtie2 
[2013-05-16 13:30:25] Mapping left_kept_reads_seg1 to genome hg19 with Bowtie2 (1/3)
[2013-05-16 13:43:15] Mapping left_kept_reads_seg2 to genome hg19 with Bowtie2 (2/3)
[2013-05-16 13:55:22] Mapping left_kept_reads_seg3 to genome hg19 with Bowtie2 (3/3)
[2013-05-16 14:06:49] Mapping right_kept_reads to genome hg19 with Bowtie2 
[2013-05-16 14:47:20] Mapping right_kept_reads_seg1 to genome hg19 with Bowtie2 (1/3)
[2013-05-16 14:57:57] Mapping right_kept_reads_seg2 to genome hg19 with Bowtie2 (2/3)
[2013-05-16 15:11:28] Mapping right_kept_reads_seg3 to genome hg19 with Bowtie2 (3/3)
[2013-05-16 15:24:35] Searching for junctions via segment mapping
[2013-05-16 22:12:39] Retrieving sequences for splices
[2013-05-16 22:14:53] Indexing splices
[2013-05-16 22:24:48] Mapping left_kept_reads_seg1 to genome segment_juncs with Bowtie2 (1/3)
[2013-05-16 22:34:35] Mapping left_kept_reads_seg2 to genome segment_juncs with Bowtie2 (2/3)
[2013-05-16 22:45:13] Mapping left_kept_reads_seg3 to genome segment_juncs with Bowtie2 (3/3)
[2013-05-16 22:55:38] Joining segment hits
[2013-05-16 23:02:27] Mapping right_kept_reads_seg1 to genome segment_juncs with Bowtie2 (1/3)
[2013-05-16 23:13:05] Mapping right_kept_reads_seg2 to genome segment_juncs with Bowtie2 (2/3)
[2013-05-16 23:23:19] Mapping right_kept_reads_seg3 to genome segment_juncs with Bowtie2 (3/3)
[2013-05-16 23:33:36] Joining segment hits
[2013-05-16 23:40:55] Reporting output tracks
-----------------------------------------------
[2013-05-17 00:18:04] Run complete: 11:41:51 elapsed
