Settings:
  Output files: "tophat2_out/ERR127303/tmp/segment_juncs.*.bt2"
  Line rate: 6 (line is 64 bytes)
  Lines per side: 1 (side is 64 bytes)
  Offset rate: 4 (one in 16)
  FTable chars: 10
  Strings: unpacked
  Max bucket size: default
  Max bucket size, sqrt multiplier: default
  Max bucket size, len divisor: 4
  Difference-cover sample period: 1024
  Endianness: little
  Actual local endianness: little
  Sanity checking: disabled
  Assertions: disabled
  Random seed: 0
  Sizeofs: void*:8, int:4, long:8, size_t:8
Input files DNA, FASTA:
  tophat2_out/ERR127303/tmp/segment_juncs.fa
Reading reference sizes
  Time reading reference sizes: 00:00:04
Calculating joined length
Writing header
Reserving space for joined string
Joining reference sequences
  Time to join reference sequences: 00:00:06
bmax according to bmaxDivN setting: 67286879
Using parameters --bmax 50465160 --dcv 1024
  Doing ahead-of-time memory usage test
  Passed!  Constructing with these parameters: --bmax 50465160 --dcv 1024
Constructing suffix-array element generator
Building DifferenceCoverSample
  Building sPrime
  Building sPrimeOrder
  V-Sorting samples
  V-Sorting samples time: 00:00:05
  Allocating rank array
  Ranking v-sort output
  Ranking v-sort output time: 00:00:01
  Invoking Larsson-Sadakane on ranks
  Invoking Larsson-Sadakane on ranks time: 00:00:03
  Sanity-checking and returning
Building samples
Reserving space for 12 sample suffixes
Generating random suffixes
QSorting 12 sample offsets, eliminating duplicates
QSorting sample offsets, eliminating duplicates time: 00:00:00
Multikey QSorting 12 samples
  (Using difference cover)
  Multikey QSorting samples time: 00:00:00
Calculating bucket sizes
  Binary sorting into buckets
  10%
  20%
  30%
  40%
  50%
  60%
  70%
  80%
  90%
  100%
  Binary sorting into buckets time: 00:00:10
Splitting and merging
  Splitting and merging time: 00:00:00
Split 1, merged 7; iterating...
  Binary sorting into buckets
  10%
  20%
  30%
  40%
  50%
  60%
  70%
  80%
  90%
  100%
  Binary sorting into buckets time: 00:00:09
Splitting and merging
  Splitting and merging time: 00:00:00
Avg bucket size: 4.48579e+07 (target: 50465159)
Converting suffix-array elements to index image
Allocating ftab, absorbFtab
Entering Ebwt loop
Getting block 1 of 6
  Reserving size (50465160) for bucket
  Calculating Z arrays
  Calculating Z arrays time: 00:00:00
  Entering block accumulator loop:
  10%
  20%
  30%
  40%
  50%
  60%
  70%
  80%
  90%
  100%
  Block accumulator loop time: 00:00:03
  Sorting block of length 43167376
  (Using difference cover)
  Sorting block time: 00:00:16
Returning block of 43167377
Getting block 2 of 6
  Reserving size (50465160) for bucket
  Calculating Z arrays
  Calculating Z arrays time: 00:00:00
  Entering block accumulator loop:
  10%
  20%
  30%
  40%
  50%
  60%
  70%
  80%
  90%
  100%
  Block accumulator loop time: 00:00:03
  Sorting block of length 32376409
  (Using difference cover)
  Sorting block time: 00:00:13
Returning block of 32376410
Getting block 3 of 6
  Reserving size (50465160) for bucket
  Calculating Z arrays
  Calculating Z arrays time: 00:00:00
  Entering block accumulator loop:
  10%
  20%
  30%
  40%
  50%
  60%
  70%
  80%
  90%
  100%
  Block accumulator loop time: 00:00:04
  Sorting block of length 48686836
  (Using difference cover)
  Sorting block time: 00:00:20
Returning block of 48686837
Getting block 4 of 6
  Reserving size (50465160) for bucket
  Calculating Z arrays
  Calculating Z arrays time: 00:00:00
  Entering block accumulator loop:
  10%
  20%
  30%
  40%
  50%
  60%
  70%
  80%
  90%
  100%
  Block accumulator loop time: 00:00:04
  Sorting block of length 48224725
  (Using difference cover)
  Sorting block time: 00:00:19
Returning block of 48224726
Getting block 5 of 6
  Reserving size (50465160) for bucket
  Calculating Z arrays
  Calculating Z arrays time: 00:00:00
  Entering block accumulator loop:
  10%
  20%
  30%
  40%
  50%
  60%
  70%
  80%
  90%
  100%
  Block accumulator loop time: 00:00:04
  Sorting block of length 49473605
  (Using difference cover)
  Sorting block time: 00:00:22
Returning block of 49473606
Getting block 6 of 6
  Reserving size (50465160) for bucket
  Calculating Z arrays
  Calculating Z arrays time: 00:00:00
  Entering block accumulator loop:
  10%
  20%
  30%
  40%
  50%
  60%
  70%
  80%
  90%
  100%
  Block accumulator loop time: 00:00:03
  Sorting block of length 47218560
  (Using difference cover)
  Sorting block time: 00:00:21
Returning block of 47218561
Exited Ebwt loop
fchr[A]: 0
fchr[C]: 61598106
fchr[G]: 134368952
fchr[T]: 204925027
fchr[$]: 269147516
Exiting Ebwt::buildToDisk()
Returning from initFromVector
Wrote 455853819 bytes to primary EBWT file: tophat2_out/ERR127303/tmp/segment_juncs.1.bt2
Wrote 67286884 bytes to secondary EBWT file: tophat2_out/ERR127303/tmp/segment_juncs.2.bt2
Re-opening _in1 and _in2 as input streams
Returning from Ebwt constructor
Headers:
    len: 269147516
    bwtLen: 269147517
    sz: 67286879
    bwtSz: 67286880
    lineRate: 6
    offRate: 4
    offMask: 0xfffffff0
    ftabChars: 10
    eftabLen: 20
    eftabSz: 80
    ftabLen: 1048577
    ftabSz: 4194308
    offsLen: 16821720
    offsSz: 67286880
    lineSz: 64
    sideSz: 64
    sideBwtSz: 48
    sideBwtLen: 192
    numSides: 1401810
    numLines: 1401810
    ebwtTotLen: 89715840
    ebwtTotSz: 89715840
    color: 0
    reverse: 0
Total time for call to driver() for forward index: 00:03:32
Reading reference sizes
  Time reading reference sizes: 00:00:03
Calculating joined length
Writing header
Reserving space for joined string
Joining reference sequences
  Time to join reference sequences: 00:00:06
  Time to reverse reference sequence: 00:00:01
bmax according to bmaxDivN setting: 67286879
Using parameters --bmax 50465160 --dcv 1024
  Doing ahead-of-time memory usage test
  Passed!  Constructing with these parameters: --bmax 50465160 --dcv 1024
Constructing suffix-array element generator
Building DifferenceCoverSample
  Building sPrime
  Building sPrimeOrder
  V-Sorting samples
  V-Sorting samples time: 00:00:05
  Allocating rank array
  Ranking v-sort output
  Ranking v-sort output time: 00:00:01
  Invoking Larsson-Sadakane on ranks
  Invoking Larsson-Sadakane on ranks time: 00:00:03
  Sanity-checking and returning
Building samples
Reserving space for 12 sample suffixes
Generating random suffixes
QSorting 12 sample offsets, eliminating duplicates
QSorting sample offsets, eliminating duplicates time: 00:00:00
Multikey QSorting 12 samples
  (Using difference cover)
  Multikey QSorting samples time: 00:00:00
Calculating bucket sizes
  Binary sorting into buckets
  10%
  20%
  30%
  40%
  50%
  60%
  70%
  80%
  90%
  100%
  Binary sorting into buckets time: 00:00:10
Splitting and merging
  Splitting and merging time: 00:00:00
Split 1, merged 5; iterating...
  Binary sorting into buckets
  10%
  20%
  30%
  40%
  50%
  60%
  70%
  80%
  90%
  100%
  Binary sorting into buckets time: 00:00:10
Splitting and merging
  Splitting and merging time: 00:00:00
Split 1, merged 1; iterating...
  Binary sorting into buckets
  10%
  20%
  30%
  40%
  50%
  60%
  70%
  80%
  90%
  100%
  Binary sorting into buckets time: 00:00:09
Splitting and merging
  Splitting and merging time: 00:00:00
Avg bucket size: 3.36434e+07 (target: 50465159)
Converting suffix-array elements to index image
Allocating ftab, absorbFtab
Entering Ebwt loop
Getting block 1 of 8
  Reserving size (50465160) for bucket
  Calculating Z arrays
  Calculating Z arrays time: 00:00:00
  Entering block accumulator loop:
  10%
  20%
  30%
  40%
  50%
  60%
  70%
  80%
  90%
  100%
  Block accumulator loop time: 00:00:03
  Sorting block of length 45977549
  (Using difference cover)
  Sorting block time: 00:00:17
Returning block of 45977550
Getting block 2 of 8
  Reserving size (50465160) for bucket
  Calculating Z arrays
  Calculating Z arrays time: 00:00:00
  Entering block accumulator loop:
  10%
  20%
  30%
  40%
  50%
  60%
  70%
  80%
  90%
  100%
  Block accumulator loop time: 00:00:04
  Sorting block of length 22307732
  (Using difference cover)
  Sorting block time: 00:00:08
Returning block of 22307733
Getting block 3 of 8
  Reserving size (50465160) for bucket
  Calculating Z arrays
  Calculating Z arrays time: 00:00:00
  Entering block accumulator loop:
  10%
  20%
  30%
  40%
  50%
  60%
  70%
  80%
  90%
  100%
  Block accumulator loop time: 00:00:04
  Sorting block of length 48463181
  (Using difference cover)
  Sorting block time: 00:00:19
Returning block of 48463182
Getting block 4 of 8
  Reserving size (50465160) for bucket
  Calculating Z arrays
  Calculating Z arrays time: 00:00:00
  Entering block accumulator loop:
  10%
  20%
  30%
  40%
  50%
  60%
  70%
  80%
  90%
  100%
  Block accumulator loop time: 00:00:04
  Sorting block of length 10913421
  (Using difference cover)
  Sorting block time: 00:00:04
Returning block of 10913422
Getting block 5 of 8
  Reserving size (50465160) for bucket
  Calculating Z arrays
  Calculating Z arrays time: 00:00:00
  Entering block accumulator loop:
  10%
  20%
  30%
  40%
  50%
  60%
  70%
  80%
  90%
  100%
  Block accumulator loop time: 00:00:04
  Sorting block of length 39784973
  (Using difference cover)
  Sorting block time: 00:00:16
Returning block of 39784974
Getting block 6 of 8
  Reserving size (50465160) for bucket
  Calculating Z arrays
  Calculating Z arrays time: 00:00:00
  Entering block accumulator loop:
  10%
  20%
  30%
  40%
  50%
  60%
  70%
  80%
  90%
  100%
  Block accumulator loop time: 00:00:04
  Sorting block of length 46441251
  (Using difference cover)
  Sorting block time: 00:00:18
Returning block of 46441252
Getting block 7 of 8
  Reserving size (50465160) for bucket
  Calculating Z arrays
  Calculating Z arrays time: 00:00:00
  Entering block accumulator loop:
  10%
  20%
  30%
  40%
  50%
  60%
  70%
  80%
  90%
  100%
  Block accumulator loop time: 00:00:04
  Sorting block of length 50278075
  (Using difference cover)
  Sorting block time: 00:00:19
Returning block of 50278076
Getting block 8 of 8
  Reserving size (50465160) for bucket
  Calculating Z arrays
  Calculating Z arrays time: 00:00:00
  Entering block accumulator loop:
  10%
  20%
  30%
  40%
  50%
  60%
  70%
  80%
  90%
  100%
  Block accumulator loop time: 00:00:03
  Sorting block of length 4981327
  (Using difference cover)
  Sorting block time: 00:00:01
Returning block of 4981328
Exited Ebwt loop
fchr[A]: 0
fchr[C]: 61598106
fchr[G]: 134368952
fchr[T]: 204925027
fchr[$]: 269147516
Exiting Ebwt::buildToDisk()
Returning from initFromVector
Wrote 455853819 bytes to primary EBWT file: tophat2_out/ERR127303/tmp/segment_juncs.rev.1.bt2
Wrote 67286884 bytes to secondary EBWT file: tophat2_out/ERR127303/tmp/segment_juncs.rev.2.bt2
Re-opening _in1 and _in2 as input streams
Returning from Ebwt constructor
Headers:
    len: 269147516
    bwtLen: 269147517
    sz: 67286879
    bwtSz: 67286880
    lineRate: 6
    offRate: 4
    offMask: 0xfffffff0
    ftabChars: 10
    eftabLen: 20
    eftabSz: 80
    ftabLen: 1048577
    ftabSz: 4194308
    offsLen: 16821720
    offsSz: 67286880
    lineSz: 64
    sideSz: 64
    sideBwtSz: 48
    sideBwtLen: 192
    numSides: 1401810
    numLines: 1401810
    ebwtTotLen: 89715840
    ebwtTotSz: 89715840
    color: 0
    reverse: 1
Total time for backward call to driver() for mirror index: 00:03:35
