
[2013-05-16 12:43:55] Beginning TopHat run (v2.0.8b)
-----------------------------------------------
[2013-05-16 12:43:55] Checking for Bowtie
		  Bowtie version:	 2.1.0.0
[2013-05-16 12:43:55] Checking for Samtools
		Samtools version:	 0.1.18.0
[2013-05-16 12:43:55] Checking for Bowtie index files
[2013-05-16 12:43:55] Checking for reference FASTA file
[2013-05-16 12:43:55] Generating SAM header for /home/hpages/bowtie2-2.1.0/indexes/hg19
	format:		 fastq
	quality scale:	 solexa33 (reads generated with GA pipeline version < 1.3)
[2013-05-16 12:43:57] Preparing reads
	 left reads: min. length=72, max. length=72, 32645795 kept reads (19772 discarded)
	right reads: min. length=72, max. length=72, 32615977 kept reads (49590 discarded)
[2013-05-16 12:56:22] Mapping left_kept_reads to genome hg19 with Bowtie2 
[2013-05-16 13:40:26] Mapping left_kept_reads_seg1 to genome hg19 with Bowtie2 (1/3)
[2013-05-16 13:50:22] Mapping left_kept_reads_seg2 to genome hg19 with Bowtie2 (2/3)
[2013-05-16 14:01:21] Mapping left_kept_reads_seg3 to genome hg19 with Bowtie2 (3/3)
[2013-05-16 14:10:04] Mapping right_kept_reads to genome hg19 with Bowtie2 
[2013-05-16 14:50:51] Mapping right_kept_reads_seg1 to genome hg19 with Bowtie2 (1/3)
[2013-05-16 15:02:33] Mapping right_kept_reads_seg2 to genome hg19 with Bowtie2 (2/3)
[2013-05-16 15:13:00] Mapping right_kept_reads_seg3 to genome hg19 with Bowtie2 (3/3)
[2013-05-16 15:22:55] Searching for junctions via segment mapping
[2013-05-17 06:01:35] Retrieving sequences for splices
[2013-05-17 06:03:44] Indexing splices
[2013-05-17 06:13:32] Mapping left_kept_reads_seg1 to genome segment_juncs with Bowtie2 (1/3)
[2013-05-17 06:21:17] Mapping left_kept_reads_seg2 to genome segment_juncs with Bowtie2 (2/3)
[2013-05-17 06:29:36] Mapping left_kept_reads_seg3 to genome segment_juncs with Bowtie2 (3/3)
[2013-05-17 06:38:07] Joining segment hits
[2013-05-17 06:44:41] Mapping right_kept_reads_seg1 to genome segment_juncs with Bowtie2 (1/3)
[2013-05-17 06:53:27] Mapping right_kept_reads_seg2 to genome segment_juncs with Bowtie2 (2/3)
[2013-05-17 07:03:59] Mapping right_kept_reads_seg3 to genome segment_juncs with Bowtie2 (3/3)
[2013-05-17 07:13:33] Joining segment hits
[2013-05-17 07:20:30] Reporting output tracks
-----------------------------------------------
[2013-05-17 07:59:44] Run complete: 19:15:49 elapsed
