Settings:
  Output files: "tophat2_out/ERR127307/tmp/segment_juncs.*.bt2"
  Line rate: 6 (line is 64 bytes)
  Lines per side: 1 (side is 64 bytes)
  Offset rate: 4 (one in 16)
  FTable chars: 10
  Strings: unpacked
  Max bucket size: default
  Max bucket size, sqrt multiplier: default
  Max bucket size, len divisor: 4
  Difference-cover sample period: 1024
  Endianness: little
  Actual local endianness: little
  Sanity checking: disabled
  Assertions: disabled
  Random seed: 0
  Sizeofs: void*:8, int:4, long:8, size_t:8
Input files DNA, FASTA:
  tophat2_out/ERR127307/tmp/segment_juncs.fa
Reading reference sizes
  Time reading reference sizes: 00:00:04
Calculating joined length
Writing header
Reserving space for joined string
Joining reference sequences
  Time to join reference sequences: 00:00:06
bmax according to bmaxDivN setting: 67387594
Using parameters --bmax 50540696 --dcv 1024
  Doing ahead-of-time memory usage test
  Passed!  Constructing with these parameters: --bmax 50540696 --dcv 1024
Constructing suffix-array element generator
Building DifferenceCoverSample
  Building sPrime
  Building sPrimeOrder
  V-Sorting samples
  V-Sorting samples time: 00:00:05
  Allocating rank array
  Ranking v-sort output
  Ranking v-sort output time: 00:00:02
  Invoking Larsson-Sadakane on ranks
  Invoking Larsson-Sadakane on ranks time: 00:00:02
  Sanity-checking and returning
Building samples
Reserving space for 12 sample suffixes
Generating random suffixes
QSorting 12 sample offsets, eliminating duplicates
QSorting sample offsets, eliminating duplicates time: 00:00:00
Multikey QSorting 12 samples
  (Using difference cover)
  Multikey QSorting samples time: 00:00:00
Calculating bucket sizes
  Binary sorting into buckets
  10%
  20%
  30%
  40%
  50%
  60%
  70%
  80%
  90%
  100%
  Binary sorting into buckets time: 00:00:10
Splitting and merging
  Splitting and merging time: 00:00:00
Split 1, merged 7; iterating...
  Binary sorting into buckets
  10%
  20%
  30%
  40%
  50%
  60%
  70%
  80%
  90%
  100%
  Binary sorting into buckets time: 00:00:09
Splitting and merging
  Splitting and merging time: 00:00:00
Avg bucket size: 3.85072e+07 (target: 50540695)
Converting suffix-array elements to index image
Allocating ftab, absorbFtab
Entering Ebwt loop
Getting block 1 of 7
  Reserving size (50540696) for bucket
  Calculating Z arrays
  Calculating Z arrays time: 00:00:00
  Entering block accumulator loop:
  10%
  20%
  30%
  40%
  50%
  60%
  70%
  80%
  90%
  100%
  Block accumulator loop time: 00:00:03
  Sorting block of length 50310890
  (Using difference cover)
  Sorting block time: 00:00:19
Returning block of 50310891
Getting block 2 of 7
  Reserving size (50540696) for bucket
  Calculating Z arrays
  Calculating Z arrays time: 00:00:00
  Entering block accumulator loop:
  10%
  20%
  30%
  40%
  50%
  60%
  70%
  80%
  90%
  100%
  Block accumulator loop time: 00:00:04
  Sorting block of length 38130706
  (Using difference cover)
  Sorting block time: 00:00:15
Returning block of 38130707
Getting block 3 of 7
  Reserving size (50540696) for bucket
  Calculating Z arrays
  Calculating Z arrays time: 00:00:00
  Entering block accumulator loop:
  10%
  20%
  30%
  40%
  50%
  60%
  70%
  80%
  90%
  100%
  Block accumulator loop time: 00:00:04
  Sorting block of length 38050911
  (Using difference cover)
  Sorting block time: 00:00:15
Returning block of 38050912
Getting block 4 of 7
  Reserving size (50540696) for bucket
  Calculating Z arrays
  Calculating Z arrays time: 00:00:00
  Entering block accumulator loop:
  10%
  20%
  30%
  40%
  50%
  60%
  70%
  80%
  90%
  100%
  Block accumulator loop time: 00:00:05
  Sorting block of length 26715905
  (Using difference cover)
  Sorting block time: 00:00:13
Returning block of 26715906
Getting block 5 of 7
  Reserving size (50540696) for bucket
  Calculating Z arrays
  Calculating Z arrays time: 00:00:00
  Entering block accumulator loop:
  10%
  20%
  30%
  40%
  50%
  60%
  70%
  80%
  90%
  100%
  Block accumulator loop time: 00:00:04
  Sorting block of length 34287833
  (Using difference cover)
  Sorting block time: 00:00:18
Returning block of 34287834
Getting block 6 of 7
  Reserving size (50540696) for bucket
  Calculating Z arrays
  Calculating Z arrays time: 00:00:00
  Entering block accumulator loop:
  10%
  20%
  30%
  40%
  50%
  60%
  70%
  80%
  90%
  100%
  Block accumulator loop time: 00:00:04
  Sorting block of length 37657071
  (Using difference cover)
  Sorting block time: 00:00:21
Returning block of 37657072
Getting block 7 of 7
  Reserving size (50540696) for bucket
  Calculating Z arrays
  Calculating Z arrays time: 00:00:00
  Entering block accumulator loop:
  10%
  20%
  30%
  40%
  50%
  60%
  70%
  80%
  90%
  100%
  Block accumulator loop time: 00:00:03
  Sorting block of length 44397054
  (Using difference cover)
  Sorting block time: 00:00:23
Returning block of 44397055
Exited Ebwt loop
fchr[A]: 0
fchr[C]: 61203639
fchr[G]: 135254879
fchr[T]: 206608767
fchr[$]: 269550376
Exiting Ebwt::buildToDisk()
Returning from initFromVector
Wrote 456597391 bytes to primary EBWT file: tophat2_out/ERR127307/tmp/segment_juncs.1.bt2
Wrote 67387600 bytes to secondary EBWT file: tophat2_out/ERR127307/tmp/segment_juncs.2.bt2
Re-opening _in1 and _in2 as input streams
Returning from Ebwt constructor
Headers:
    len: 269550376
    bwtLen: 269550377
    sz: 67387594
    bwtSz: 67387595
    lineRate: 6
    offRate: 4
    offMask: 0xfffffff0
    ftabChars: 10
    eftabLen: 20
    eftabSz: 80
    ftabLen: 1048577
    ftabSz: 4194308
    offsLen: 16846899
    offsSz: 67387596
    lineSz: 64
    sideSz: 64
    sideBwtSz: 48
    sideBwtLen: 192
    numSides: 1403909
    numLines: 1403909
    ebwtTotLen: 89850176
    ebwtTotSz: 89850176
    color: 0
    reverse: 0
Total time for call to driver() for forward index: 00:03:48
Reading reference sizes
  Time reading reference sizes: 00:00:03
Calculating joined length
Writing header
Reserving space for joined string
Joining reference sequences
  Time to join reference sequences: 00:00:06
  Time to reverse reference sequence: 00:00:01
bmax according to bmaxDivN setting: 67387594
Using parameters --bmax 50540696 --dcv 1024
  Doing ahead-of-time memory usage test
  Passed!  Constructing with these parameters: --bmax 50540696 --dcv 1024
Constructing suffix-array element generator
Building DifferenceCoverSample
  Building sPrime
  Building sPrimeOrder
  V-Sorting samples
  V-Sorting samples time: 00:00:06
  Allocating rank array
  Ranking v-sort output
  Ranking v-sort output time: 00:00:01
  Invoking Larsson-Sadakane on ranks
  Invoking Larsson-Sadakane on ranks time: 00:00:02
  Sanity-checking and returning
Building samples
Reserving space for 12 sample suffixes
Generating random suffixes
QSorting 12 sample offsets, eliminating duplicates
QSorting sample offsets, eliminating duplicates time: 00:00:00
Multikey QSorting 12 samples
  (Using difference cover)
  Multikey QSorting samples time: 00:00:00
Calculating bucket sizes
  Binary sorting into buckets
  10%
  20%
  30%
  40%
  50%
  60%
  70%
  80%
  90%
  100%
  Binary sorting into buckets time: 00:00:11
Splitting and merging
  Splitting and merging time: 00:00:00
Split 1, merged 5; iterating...
  Binary sorting into buckets
  10%
  20%
  30%
  40%
  50%
  60%
  70%
  80%
  90%
  100%
  Binary sorting into buckets time: 00:00:09
Splitting and merging
  Splitting and merging time: 00:00:00
Split 1, merged 1; iterating...
  Binary sorting into buckets
  10%
  20%
  30%
  40%
  50%
  60%
  70%
  80%
  90%
  100%
  Binary sorting into buckets time: 00:00:10
Splitting and merging
  Splitting and merging time: 00:00:00
Avg bucket size: 3.36938e+07 (target: 50540695)
Converting suffix-array elements to index image
Allocating ftab, absorbFtab
Entering Ebwt loop
Getting block 1 of 8
  Reserving size (50540696) for bucket
  Calculating Z arrays
  Calculating Z arrays time: 00:00:00
  Entering block accumulator loop:
  10%
  20%
  30%
  40%
  50%
  60%
  70%
  80%
  90%
  100%
  Block accumulator loop time: 00:00:02
  Sorting block of length 45400342
  (Using difference cover)
  Sorting block time: 00:00:18
Returning block of 45400343
Getting block 2 of 8
  Reserving size (50540696) for bucket
  Calculating Z arrays
  Calculating Z arrays time: 00:00:00
  Entering block accumulator loop:
  10%
  20%
  30%
  40%
  50%
  60%
  70%
  80%
  90%
  100%
  Block accumulator loop time: 00:00:03
  Sorting block of length 35147300
  (Using difference cover)
  Sorting block time: 00:00:14
Returning block of 35147301
Getting block 3 of 8
  Reserving size (50540696) for bucket
  Calculating Z arrays
  Calculating Z arrays time: 00:00:00
  Entering block accumulator loop:
  10%
  20%
  30%
  40%
  50%
  60%
  70%
  80%
  90%
  100%
  Block accumulator loop time: 00:00:04
  Sorting block of length 28790052
  (Using difference cover)
  Sorting block time: 00:00:14
Returning block of 28790053
Getting block 4 of 8
  Reserving size (50540696) for bucket
  Calculating Z arrays
  Calculating Z arrays time: 00:00:00
  Entering block accumulator loop:
  10%
  20%
  30%
  40%
  50%
  60%
  70%
  80%
  90%
  100%
  Block accumulator loop time: 00:00:05
  Sorting block of length 34995596
  (Using difference cover)
  Sorting block time: 00:00:17
Returning block of 34995597
Getting block 5 of 8
  Reserving size (50540696) for bucket
  Calculating Z arrays
  Calculating Z arrays time: 00:00:00
  Entering block accumulator loop:
  10%
  20%
  30%
  40%
  50%
  60%
  70%
  80%
  90%
  100%
  Block accumulator loop time: 00:00:04
  Sorting block of length 40971308
  (Using difference cover)
  Sorting block time: 00:00:21
Returning block of 40971309
Getting block 6 of 8
  Reserving size (50540696) for bucket
  Calculating Z arrays
  Calculating Z arrays time: 00:00:00
  Entering block accumulator loop:
  10%
  20%
  30%
  40%
  50%
  60%
  70%
  80%
  90%
  100%
  Block accumulator loop time: 00:00:04
  Sorting block of length 30017002
  (Using difference cover)
  Sorting block time: 00:00:15
Returning block of 30017003
Getting block 7 of 8
  Reserving size (50540696) for bucket
  Calculating Z arrays
  Calculating Z arrays time: 00:00:00
  Entering block accumulator loop:
  10%
  20%
  30%
  40%
  50%
  60%
  70%
  80%
  90%
  100%
  Block accumulator loop time: 00:00:04
  Sorting block of length 46439904
  (Using difference cover)
  Sorting block time: 00:00:24
Returning block of 46439905
Getting block 8 of 8
  Reserving size (50540696) for bucket
  Calculating Z arrays
  Calculating Z arrays time: 00:00:00
  Entering block accumulator loop:
  10%
  20%
  30%
  40%
  50%
  60%
  70%
  80%
  90%
  100%
  Block accumulator loop time: 00:00:03
  Sorting block of length 7788865
  (Using difference cover)
  Sorting block time: 00:00:03
Returning block of 7788866
Exited Ebwt loop
fchr[A]: 0
fchr[C]: 61203639
fchr[G]: 135254879
fchr[T]: 206608767
fchr[$]: 269550376
Exiting Ebwt::buildToDisk()
Returning from initFromVector
Wrote 456597391 bytes to primary EBWT file: tophat2_out/ERR127307/tmp/segment_juncs.rev.1.bt2
Wrote 67387600 bytes to secondary EBWT file: tophat2_out/ERR127307/tmp/segment_juncs.rev.2.bt2
Re-opening _in1 and _in2 as input streams
Returning from Ebwt constructor
Headers:
    len: 269550376
    bwtLen: 269550377
    sz: 67387594
    bwtSz: 67387595
    lineRate: 6
    offRate: 4
    offMask: 0xfffffff0
    ftabChars: 10
    eftabLen: 20
    eftabSz: 80
    ftabLen: 1048577
    ftabSz: 4194308
    offsLen: 16846899
    offsSz: 67387596
    lineSz: 64
    sideSz: 64
    sideBwtSz: 48
    sideBwtLen: 192
    numSides: 1403909
    numLines: 1403909
    ebwtTotLen: 89850176
    ebwtTotSz: 89850176
    color: 0
    reverse: 1
Total time for backward call to driver() for mirror index: 00:04:08
