Settings:
  Output files: "tophat2_out/ERR127305/tmp/segment_juncs.*.bt2"
  Line rate: 6 (line is 64 bytes)
  Lines per side: 1 (side is 64 bytes)
  Offset rate: 4 (one in 16)
  FTable chars: 10
  Strings: unpacked
  Max bucket size: default
  Max bucket size, sqrt multiplier: default
  Max bucket size, len divisor: 4
  Difference-cover sample period: 1024
  Endianness: little
  Actual local endianness: little
  Sanity checking: disabled
  Assertions: disabled
  Random seed: 0
  Sizeofs: void*:8, int:4, long:8, size_t:8
Input files DNA, FASTA:
  tophat2_out/ERR127305/tmp/segment_juncs.fa
Reading reference sizes
  Time reading reference sizes: 00:00:04
Calculating joined length
Writing header
Reserving space for joined string
Joining reference sequences
  Time to join reference sequences: 00:00:06
bmax according to bmaxDivN setting: 67608112
Using parameters --bmax 50706084 --dcv 1024
  Doing ahead-of-time memory usage test
  Passed!  Constructing with these parameters: --bmax 50706084 --dcv 1024
Constructing suffix-array element generator
Building DifferenceCoverSample
  Building sPrime
  Building sPrimeOrder
  V-Sorting samples
  V-Sorting samples time: 00:00:05
  Allocating rank array
  Ranking v-sort output
  Ranking v-sort output time: 00:00:02
  Invoking Larsson-Sadakane on ranks
  Invoking Larsson-Sadakane on ranks time: 00:00:02
  Sanity-checking and returning
Building samples
Reserving space for 12 sample suffixes
Generating random suffixes
QSorting 12 sample offsets, eliminating duplicates
QSorting sample offsets, eliminating duplicates time: 00:00:00
Multikey QSorting 12 samples
  (Using difference cover)
  Multikey QSorting samples time: 00:00:00
Calculating bucket sizes
  Binary sorting into buckets
  10%
  20%
  30%
  40%
  50%
  60%
  70%
  80%
  90%
  100%
  Binary sorting into buckets time: 00:00:11
Splitting and merging
  Splitting and merging time: 00:00:00
Split 1, merged 6; iterating...
  Binary sorting into buckets
  10%
  20%
  30%
  40%
  50%
  60%
  70%
  80%
  90%
  100%
  Binary sorting into buckets time: 00:00:09
Splitting and merging
  Splitting and merging time: 00:00:00
Avg bucket size: 3.86332e+07 (target: 50706083)
Converting suffix-array elements to index image
Allocating ftab, absorbFtab
Entering Ebwt loop
Getting block 1 of 7
  Reserving size (50706084) for bucket
  Calculating Z arrays
  Calculating Z arrays time: 00:00:00
  Entering block accumulator loop:
  10%
  20%
  30%
  40%
  50%
  60%
  70%
  80%
  90%
  100%
  Block accumulator loop time: 00:00:03
  Sorting block of length 27531946
  (Using difference cover)
  Sorting block time: 00:00:11
Returning block of 27531947
Getting block 2 of 7
  Reserving size (50706084) for bucket
  Calculating Z arrays
  Calculating Z arrays time: 00:00:00
  Entering block accumulator loop:
  10%
  20%
  30%
  40%
  50%
  60%
  70%
  80%
  90%
  100%
  Block accumulator loop time: 00:00:03
  Sorting block of length 49263035
  (Using difference cover)
  Sorting block time: 00:00:22
Returning block of 49263036
Getting block 3 of 7
  Reserving size (50706084) for bucket
  Calculating Z arrays
  Calculating Z arrays time: 00:00:00
  Entering block accumulator loop:
  10%
  20%
  30%
  40%
  50%
  60%
  70%
  80%
  90%
  100%
  Block accumulator loop time: 00:00:04
  Sorting block of length 46621949
  (Using difference cover)
  Sorting block time: 00:00:20
Returning block of 46621950
Getting block 4 of 7
  Reserving size (50706084) for bucket
  Calculating Z arrays
  Calculating Z arrays time: 00:00:00
  Entering block accumulator loop:
  10%
  20%
  30%
  40%
  50%
  60%
  70%
  80%
  90%
  100%
  Block accumulator loop time: 00:00:04
  Sorting block of length 24040637
  (Using difference cover)
  Sorting block time: 00:00:12
Returning block of 24040638
Getting block 5 of 7
  Reserving size (50706084) for bucket
  Calculating Z arrays
  Calculating Z arrays time: 00:00:00
  Entering block accumulator loop:
  10%
  20%
  30%
  40%
  50%
  60%
  70%
  80%
  90%
  100%
  Block accumulator loop time: 00:00:04
  Sorting block of length 44137980
  (Using difference cover)
  Sorting block time: 00:00:20
Returning block of 44137981
Getting block 6 of 7
  Reserving size (50706084) for bucket
  Calculating Z arrays
  Calculating Z arrays time: 00:00:00
  Entering block accumulator loop:
  10%
  20%
  30%
  40%
  50%
  60%
  70%
  80%
  90%
  100%
  Block accumulator loop time: 00:00:04
  Sorting block of length 50617943
  (Using difference cover)
  Sorting block time: 00:00:24
Returning block of 50617944
Getting block 7 of 7
  Reserving size (50706084) for bucket
  Calculating Z arrays
  Calculating Z arrays time: 00:00:00
  Entering block accumulator loop:
  10%
  20%
  30%
  40%
  50%
  60%
  70%
  80%
  90%
  100%
  Block accumulator loop time: 00:00:03
  Sorting block of length 28218952
  (Using difference cover)
  Sorting block time: 00:00:13
Returning block of 28218953
Exited Ebwt loop
fchr[A]: 0
fchr[C]: 63685248
fchr[G]: 135031804
fchr[T]: 204332480
fchr[$]: 270432448
Exiting Ebwt::buildToDisk()
Returning from initFromVector
Wrote 458031719 bytes to primary EBWT file: tophat2_out/ERR127305/tmp/segment_juncs.1.bt2
Wrote 67608120 bytes to secondary EBWT file: tophat2_out/ERR127305/tmp/segment_juncs.2.bt2
Re-opening _in1 and _in2 as input streams
Returning from Ebwt constructor
Headers:
    len: 270432448
    bwtLen: 270432449
    sz: 67608112
    bwtSz: 67608113
    lineRate: 6
    offRate: 4
    offMask: 0xfffffff0
    ftabChars: 10
    eftabLen: 20
    eftabSz: 80
    ftabLen: 1048577
    ftabSz: 4194308
    offsLen: 16902029
    offsSz: 67608116
    lineSz: 64
    sideSz: 64
    sideBwtSz: 48
    sideBwtLen: 192
    numSides: 1408503
    numLines: 1408503
    ebwtTotLen: 90144192
    ebwtTotSz: 90144192
    color: 0
    reverse: 0
Total time for call to driver() for forward index: 00:03:43
Reading reference sizes
  Time reading reference sizes: 00:00:03
Calculating joined length
Writing header
Reserving space for joined string
Joining reference sequences
  Time to join reference sequences: 00:00:06
  Time to reverse reference sequence: 00:00:01
bmax according to bmaxDivN setting: 67608112
Using parameters --bmax 50706084 --dcv 1024
  Doing ahead-of-time memory usage test
  Passed!  Constructing with these parameters: --bmax 50706084 --dcv 1024
Constructing suffix-array element generator
Building DifferenceCoverSample
  Building sPrime
  Building sPrimeOrder
  V-Sorting samples
  V-Sorting samples time: 00:00:05
  Allocating rank array
  Ranking v-sort output
  Ranking v-sort output time: 00:00:01
  Invoking Larsson-Sadakane on ranks
  Invoking Larsson-Sadakane on ranks time: 00:00:03
  Sanity-checking and returning
Building samples
Reserving space for 12 sample suffixes
Generating random suffixes
QSorting 12 sample offsets, eliminating duplicates
QSorting sample offsets, eliminating duplicates time: 00:00:00
Multikey QSorting 12 samples
  (Using difference cover)
  Multikey QSorting samples time: 00:00:00
Calculating bucket sizes
  Binary sorting into buckets
  10%
  20%
  30%
  40%
  50%
  60%
  70%
  80%
  90%
  100%
  Binary sorting into buckets time: 00:00:11
Splitting and merging
  Splitting and merging time: 00:00:00
Avg bucket size: 3.86332e+07 (target: 50706083)
Converting suffix-array elements to index image
Allocating ftab, absorbFtab
Entering Ebwt loop
Getting block 1 of 7
  Reserving size (50706084) for bucket
  Calculating Z arrays
  Calculating Z arrays time: 00:00:00
  Entering block accumulator loop:
  10%
  20%
  30%
  40%
  50%
  60%
  70%
  80%
  90%
  100%
  Block accumulator loop time: 00:00:02
  Sorting block of length 35345507
  (Using difference cover)
  Sorting block time: 00:00:16
Returning block of 35345508
Getting block 2 of 7
  Reserving size (50706084) for bucket
  Calculating Z arrays
  Calculating Z arrays time: 00:00:00
  Entering block accumulator loop:
  10%
  20%
  30%
  40%
  50%
  60%
  70%
  80%
  90%
  100%
  Block accumulator loop time: 00:00:04
  Sorting block of length 47849477
  (Using difference cover)
  Sorting block time: 00:00:19
Returning block of 47849478
Getting block 3 of 7
  Reserving size (50706084) for bucket
  Calculating Z arrays
  Calculating Z arrays time: 00:00:00
  Entering block accumulator loop:
  10%
  20%
  30%
  40%
  50%
  60%
  70%
  80%
  90%
  100%
  Block accumulator loop time: 00:00:04
  Sorting block of length 49884223
  (Using difference cover)
  Sorting block time: 00:00:20
Returning block of 49884224
Getting block 4 of 7
  Reserving size (50706084) for bucket
  Calculating Z arrays
  Calculating Z arrays time: 00:00:00
  Entering block accumulator loop:
  10%
  20%
  30%
  40%
  50%
  60%
  70%
  80%
  90%
  100%
  Block accumulator loop time: 00:00:04
  Sorting block of length 22827871
  (Using difference cover)
  Sorting block time: 00:00:09
Returning block of 22827872
Getting block 5 of 7
  Reserving size (50706084) for bucket
  Calculating Z arrays
  Calculating Z arrays time: 00:00:00
  Entering block accumulator loop:
  10%
  20%
  30%
  40%
  50%
  60%
  70%
  80%
  90%
  100%
  Block accumulator loop time: 00:00:04
  Sorting block of length 45785777
  (Using difference cover)
  Sorting block time: 00:00:19
Returning block of 45785778
Getting block 6 of 7
  Reserving size (50706084) for bucket
  Calculating Z arrays
  Calculating Z arrays time: 00:00:00
  Entering block accumulator loop:
  10%
  20%
  30%
  40%
  50%
  60%
  70%
  80%
  90%
  100%
  Block accumulator loop time: 00:00:04
  Sorting block of length 21605824
  (Using difference cover)
  Sorting block time: 00:00:08
Returning block of 21605825
Getting block 7 of 7
  Reserving size (50706084) for bucket
  Calculating Z arrays
  Calculating Z arrays time: 00:00:00
  Entering block accumulator loop:
  10%
  20%
  30%
  40%
  50%
  60%
  70%
  80%
  90%
  100%
  Block accumulator loop time: 00:00:03
  Sorting block of length 47133763
  (Using difference cover)
  Sorting block time: 00:00:19
Returning block of 47133764
Exited Ebwt loop
fchr[A]: 0
fchr[C]: 63685248
fchr[G]: 135031804
fchr[T]: 204332480
fchr[$]: 270432448
Exiting Ebwt::buildToDisk()
Returning from initFromVector
Wrote 458031719 bytes to primary EBWT file: tophat2_out/ERR127305/tmp/segment_juncs.rev.1.bt2
Wrote 67608120 bytes to secondary EBWT file: tophat2_out/ERR127305/tmp/segment_juncs.rev.2.bt2
Re-opening _in1 and _in2 as input streams
Returning from Ebwt constructor
Headers:
    len: 270432448
    bwtLen: 270432449
    sz: 67608112
    bwtSz: 67608113
    lineRate: 6
    offRate: 4
    offMask: 0xfffffff0
    ftabChars: 10
    eftabLen: 20
    eftabSz: 80
    ftabLen: 1048577
    ftabSz: 4194308
    offsLen: 16902029
    offsSz: 67608116
    lineSz: 64
    sideSz: 64
    sideBwtSz: 48
    sideBwtLen: 192
    numSides: 1408503
    numLines: 1408503
    ebwtTotLen: 90144192
    ebwtTotSz: 90144192
    color: 0
    reverse: 1
Total time for backward call to driver() for mirror index: 00:03:21
