
[2013-05-16 12:33:09] Beginning TopHat run (v2.0.8b)
-----------------------------------------------
[2013-05-16 12:33:09] Checking for Bowtie
		  Bowtie version:	 2.1.0.0
[2013-05-16 12:33:09] Checking for Samtools
		Samtools version:	 0.1.18.0
[2013-05-16 12:33:10] Checking for Bowtie index files
[2013-05-16 12:33:10] Checking for reference FASTA file
[2013-05-16 12:33:10] Generating SAM header for /home/hpages/bowtie2-2.1.0/indexes/hg19
	format:		 fastq
	quality scale:	 solexa33 (reads generated with GA pipeline version < 1.3)
[2013-05-16 12:33:53] Preparing reads
	 left reads: min. length=72, max. length=72, 29019854 kept reads (18601 discarded)
	right reads: min. length=72, max. length=72, 28992427 kept reads (46028 discarded)
[2013-05-16 12:45:42] Mapping left_kept_reads to genome hg19 with Bowtie2 
[2013-05-16 13:21:40] Mapping left_kept_reads_seg1 to genome hg19 with Bowtie2 (1/3)
[2013-05-16 13:31:04] Mapping left_kept_reads_seg2 to genome hg19 with Bowtie2 (2/3)
[2013-05-16 13:40:41] Mapping left_kept_reads_seg3 to genome hg19 with Bowtie2 (3/3)
[2013-05-16 13:49:02] Mapping right_kept_reads to genome hg19 with Bowtie2 
[2013-05-16 14:24:39] Mapping right_kept_reads_seg1 to genome hg19 with Bowtie2 (1/3)
[2013-05-16 14:33:48] Mapping right_kept_reads_seg2 to genome hg19 with Bowtie2 (2/3)
[2013-05-16 14:43:31] Mapping right_kept_reads_seg3 to genome hg19 with Bowtie2 (3/3)
[2013-05-16 14:52:57] Searching for junctions via segment mapping
[2013-05-16 21:44:58] Retrieving sequences for splices
[2013-05-16 21:47:03] Indexing splices
[2013-05-16 21:56:57] Mapping left_kept_reads_seg1 to genome segment_juncs with Bowtie2 (1/3)
[2013-05-16 22:04:17] Mapping left_kept_reads_seg2 to genome segment_juncs with Bowtie2 (2/3)
[2013-05-16 22:12:53] Mapping left_kept_reads_seg3 to genome segment_juncs with Bowtie2 (3/3)
[2013-05-16 22:20:38] Joining segment hits
[2013-05-16 22:26:45] Mapping right_kept_reads_seg1 to genome segment_juncs with Bowtie2 (1/3)
[2013-05-16 22:34:07] Mapping right_kept_reads_seg2 to genome segment_juncs with Bowtie2 (2/3)
[2013-05-16 22:42:22] Mapping right_kept_reads_seg3 to genome segment_juncs with Bowtie2 (3/3)
[2013-05-16 22:50:25] Joining segment hits
[2013-05-16 22:56:38] Reporting output tracks
-----------------------------------------------
[2013-05-16 23:32:37] Run complete: 10:59:28 elapsed
